{"numTotalTestSuites":184,"numPassedTestSuites":184,"numFailedTestSuites":0,"numPendingTestSuites":0,"numTotalTests":506,"numPassedTests":506,"numFailedTests":0,"numPendingTests":0,"numTodoTests":0,"snapshot":{"added":0,"failure":false,"filesAdded":0,"filesRemoved":0,"filesRemovedList":[],"filesUnmatched":0,"filesUpdated":0,"matched":0,"total":0,"unchecked":0,"uncheckedKeysByFile":[],"unmatched":0,"updated":0,"didUpdate":false},"startTime":1763467527485,"success":true,"testResults":[{"assertionResults":[{"ancestorTitles":["Auto-Advance Functionality","Auto-Advance Initialization"],"fullName":"Auto-Advance Functionality Auto-Advance Initialization should initialize without errors","status":"passed","title":"should initialize without errors","duration":20.432952999999543,"failureMessages":[],"meta":{}},{"ancestorTitles":["Auto-Advance Functionality","Auto-Advance Initialization"],"fullName":"Auto-Advance Functionality Auto-Advance Initialization should find and setup all input groups","status":"passed","title":"should find and setup all input groups","duration":6.9751649999998335,"failureMessages":[],"meta":{}},{"ancestorTitles":["Auto-Advance Functionality","Auto-Advance Initialization"],"fullName":"Auto-Advance Functionality Auto-Advance Initialization should handle reinitialize correctly","status":"passed","title":"should handle reinitialize correctly","duration":5.763969999999972,"failureMessages":[],"meta":{}},{"ancestorTitles":["Auto-Advance Functionality","Numeric Input Validation"],"fullName":"Auto-Advance Functionality Numeric Input Validation should enforce max length (2 characters)","status":"passed","title":"should enforce max length (2 characters)","duration":7.740831000000071,"failureMessages":[],"meta":{}},{"ancestorTitles":["Auto-Advance Functionality","Numeric Input Validation"],"fullName":"Auto-Advance Functionality Numeric Input Validation should validate max values for minutes (59)","status":"passed","title":"should validate max values for minutes (59)","duration":4.037800000000061,"failureMessages":[],"meta":{}},{"ancestorTitles":["Auto-Advance Functionality","Numeric Input Validation"],"fullName":"Auto-Advance Functionality Numeric Input Validation should validate max values for seconds (59)","status":"passed","title":"should validate max values for seconds (59)","duration":6.930002000000059,"failureMessages":[],"meta":{}},{"ancestorTitles":["Auto-Advance Functionality","Numeric Input Validation"],"fullName":"Auto-Advance Functionality Numeric Input Validation should validate max values for hours (23)","status":"passed","title":"should validate max values for hours (23)","duration":3.099761999999828,"failureMessages":[],"meta":{}},{"ancestorTitles":["Auto-Advance Functionality","Auto-Advance Behavior"],"fullName":"Auto-Advance Functionality Auto-Advance Behavior should advance from hours to minutes when hours field is complete","status":"passed","title":"should advance from hours to minutes when hours field is complete","duration":4.1463889999995445,"failureMessages":[],"meta":{}},{"ancestorTitles":["Auto-Advance Functionality","Auto-Advance Behavior"],"fullName":"Auto-Advance Functionality Auto-Advance Behavior should advance from minutes to seconds when minutes field is complete","status":"passed","title":"should advance from minutes to seconds when minutes field is complete","duration":3.7914479999999458,"failureMessages":[],"meta":{}},{"ancestorTitles":["Auto-Advance Functionality","Auto-Advance Behavior"],"fullName":"Auto-Advance Functionality Auto-Advance Behavior should not advance from last field (seconds)","status":"passed","title":"should not advance from last field (seconds)","duration":9.288383000000067,"failureMessages":[],"meta":{}},{"ancestorTitles":["Auto-Advance Functionality","Auto-Advance Behavior"],"fullName":"Auto-Advance Functionality Auto-Advance Behavior should handle overflow values correctly","status":"passed","title":"should handle overflow values correctly","duration":2.688873999999487,"failureMessages":[],"meta":{}},{"ancestorTitles":["Auto-Advance Functionality","Backspace Navigation"],"fullName":"Auto-Advance Functionality Backspace Navigation should move to previous field on backspace when current field is empty","status":"passed","title":"should move to previous field on backspace when current field is empty","duration":3.7038739999998143,"failureMessages":[],"meta":{}},{"ancestorTitles":["Auto-Advance Functionality","Backspace Navigation"],"fullName":"Auto-Advance Functionality Backspace Navigation should not move to previous field if current field has value","status":"passed","title":"should not move to previous field if current field has value","duration":2.8462570000001506,"failureMessages":[],"meta":{}},{"ancestorTitles":["Auto-Advance Functionality","Backspace Navigation"],"fullName":"Auto-Advance Functionality Backspace Navigation should not move from first field when backspace is pressed","status":"passed","title":"should not move from first field when backspace is pressed","duration":2.8216399999992063,"failureMessages":[],"meta":{}},{"ancestorTitles":["Auto-Advance Functionality","Paste Functionality"],"fullName":"Auto-Advance Functionality Paste Functionality should handle pasted numeric string distribution","status":"passed","title":"should handle pasted numeric string distribution","duration":3.8914709999999104,"failureMessages":[],"meta":{}},{"ancestorTitles":["Auto-Advance Functionality","Paste Functionality"],"fullName":"Auto-Advance Functionality Paste Functionality should handle short pasted values in current field only","status":"passed","title":"should handle short pasted values in current field only","duration":3.3446439999997892,"failureMessages":[],"meta":{}},{"ancestorTitles":["Auto-Advance Functionality","Focus Selection"],"fullName":"Auto-Advance Functionality Focus Selection should select all text on focus","status":"passed","title":"should select all text on focus","duration":3.511583999999857,"failureMessages":[],"meta":{}},{"ancestorTitles":["Auto-Advance Functionality","Mixed Input Groups"],"fullName":"Auto-Advance Functionality Mixed Input Groups should handle MM:SS format inputs correctly","status":"passed","title":"should handle MM:SS format inputs correctly","duration":2.5665259999996124,"failureMessages":[],"meta":{}},{"ancestorTitles":["Auto-Advance Functionality","Mixed Input Groups"],"fullName":"Auto-Advance Functionality Mixed Input Groups should handle HH:MM:SS format inputs correctly","status":"passed","title":"should handle HH:MM:SS format inputs correctly","duration":3.880909999999858,"failureMessages":[],"meta":{}},{"ancestorTitles":["Auto-Advance Functionality","Edge Cases"],"fullName":"Auto-Advance Functionality Edge Cases should handle missing input elements gracefully","status":"passed","title":"should handle missing input elements gracefully","duration":3.3421809999999823,"failureMessages":[],"meta":{}},{"ancestorTitles":["Auto-Advance Functionality","Edge Cases"],"fullName":"Auto-Advance Functionality Edge Cases should handle duplicate initialization calls","status":"passed","title":"should handle duplicate initialization calls","duration":2.690520000000106,"failureMessages":[],"meta":{}},{"ancestorTitles":["Auto-Advance Functionality","Arrow Key / Spinner Behavior"],"fullName":"Auto-Advance Functionality Arrow Key / Spinner Behavior should NOT auto-advance when modifying an already-complete field","status":"passed","title":"should NOT auto-advance when modifying an already-complete field","duration":8.51388599999973,"failureMessages":[],"meta":{}},{"ancestorTitles":["Auto-Advance Functionality","Arrow Key / Spinner Behavior"],"fullName":"Auto-Advance Functionality Arrow Key / Spinner Behavior should auto-advance when completing a previously incomplete field","status":"passed","title":"should auto-advance when completing a previously incomplete field","duration":4.48635700000068,"failureMessages":[],"meta":{}},{"ancestorTitles":["Auto-Advance Functionality","Arrow Key / Spinner Behavior"],"fullName":"Auto-Advance Functionality Arrow Key / Spinner Behavior should NOT auto-advance when changing from \"59\" to \"58\" via down arrow","status":"passed","title":"should NOT auto-advance when changing from \"59\" to \"58\" via down arrow","duration":4.067490999999791,"failureMessages":[],"meta":{}},{"ancestorTitles":["Auto-Advance Functionality","Arrow Key / Spinner Behavior"],"fullName":"Auto-Advance Functionality Arrow Key / Spinner Behavior should auto-advance when typing from empty to complete field","status":"passed","title":"should auto-advance when typing from empty to complete field","duration":4.251357000000098,"failureMessages":[],"meta":{}},{"ancestorTitles":["Auto-Advance Functionality","Arrow Key / Spinner Behavior"],"fullName":"Auto-Advance Functionality Arrow Key / Spinner Behavior should handle rapid up arrow presses without auto-advancing","status":"passed","title":"should handle rapid up arrow presses without auto-advancing","duration":9.679705999999896,"failureMessages":[],"meta":{}}],"startTime":1763467533567,"endTime":1763467533706.6797,"status":"passed","message":"","name":"/home/user/pace-calculator/tests/unit/auto-advance.test.js"},{"assertionResults":[{"ancestorTitles":["Calculator Core Functions","parseTime","decimal format"],"fullName":"Calculator Core Functions parseTime decimal format should parse decimal minutes correctly","status":"passed","title":"should parse decimal minutes correctly","duration":4.555609000000004,"failureMessages":[],"meta":{}},{"ancestorTitles":["Calculator Core Functions","parseTime","decimal format"],"fullName":"Calculator Core Functions parseTime decimal format should handle integer format","status":"passed","title":"should handle integer format","duration":1.5096889999995255,"failureMessages":[],"meta":{}},{"ancestorTitles":["Calculator Core Functions","parseTime","decimal format"],"fullName":"Calculator Core Functions parseTime decimal format should round fractional seconds to nearest whole second","status":"passed","title":"should round fractional seconds to nearest whole second","duration":1.5375000000003638,"failureMessages":[],"meta":{}},{"ancestorTitles":["Calculator Core Functions","parseTime","colon format"],"fullName":"Calculator Core Functions parseTime colon format should parse MM:SS format","status":"passed","title":"should parse MM:SS format","duration":0.9312740000004851,"failureMessages":[],"meta":{}},{"ancestorTitles":["Calculator Core Functions","parseTime","colon format"],"fullName":"Calculator Core Functions parseTime colon format should parse H:MM:SS format","status":"passed","title":"should parse H:MM:SS format","duration":0.5631159999993542,"failureMessages":[],"meta":{}},{"ancestorTitles":["Calculator Core Functions","parseTime","colon format"],"fullName":"Calculator Core Functions parseTime colon format should handle leading zeros","status":"passed","title":"should handle leading zeros","duration":0.3849960000006831,"failureMessages":[],"meta":{}},{"ancestorTitles":["Calculator Core Functions","parseTime","space format"],"fullName":"Calculator Core Functions parseTime space format should parse space-separated MM SS format","status":"passed","title":"should parse space-separated MM SS format","duration":0.4563369999996212,"failureMessages":[],"meta":{}},{"ancestorTitles":["Calculator Core Functions","parseTime","space format"],"fullName":"Calculator Core Functions parseTime space format should parse space-separated H MM SS format","status":"passed","title":"should parse space-separated H MM SS format","duration":0.30842200000006414,"failureMessages":[],"meta":{}},{"ancestorTitles":["Calculator Core Functions","parseTime","edge cases"],"fullName":"Calculator Core Functions parseTime edge cases should handle empty or invalid inputs","status":"passed","title":"should handle empty or invalid inputs","duration":0.5476749999997992,"failureMessages":[],"meta":{}},{"ancestorTitles":["Calculator Core Functions","parseTime","edge cases"],"fullName":"Calculator Core Functions parseTime edge cases should handle whitespace","status":"passed","title":"should handle whitespace","duration":0.35991199999989476,"failureMessages":[],"meta":{}},{"ancestorTitles":["Calculator Core Functions","parseTime","edge cases"],"fullName":"Calculator Core Functions parseTime edge cases should handle single number as minutes","status":"passed","title":"should handle single number as minutes","duration":0.3392249999997148,"failureMessages":[],"meta":{}},{"ancestorTitles":["Calculator Core Functions","validateTimeInput","valid inputs"],"fullName":"Calculator Core Functions validateTimeInput valid inputs should accept valid time formats","status":"passed","title":"should accept valid time formats","duration":1.1553450000001249,"failureMessages":[],"meta":{}},{"ancestorTitles":["Calculator Core Functions","validateTimeInput","invalid inputs"],"fullName":"Calculator Core Functions validateTimeInput invalid inputs should reject empty inputs","status":"passed","title":"should reject empty inputs","duration":0.31998100000055274,"failureMessages":[],"meta":{}},{"ancestorTitles":["Calculator Core Functions","validateTimeInput","invalid inputs"],"fullName":"Calculator Core Functions validateTimeInput invalid inputs should reject null/undefined inputs","status":"passed","title":"should reject null/undefined inputs","duration":0.2820499999997992,"failureMessages":[],"meta":{}},{"ancestorTitles":["Calculator Core Functions","validateTimeInput","invalid inputs"],"fullName":"Calculator Core Functions validateTimeInput invalid inputs should reject invalid formats","status":"passed","title":"should reject invalid formats","duration":0.4061570000003485,"failureMessages":[],"meta":{}},{"ancestorTitles":["Calculator Core Functions","validateTimeInput","invalid inputs"],"fullName":"Calculator Core Functions validateTimeInput invalid inputs should reject zero time","status":"passed","title":"should reject zero time","duration":0.2914359999995213,"failureMessages":[],"meta":{}},{"ancestorTitles":["Calculator Core Functions","validateTimeInput","invalid inputs"],"fullName":"Calculator Core Functions validateTimeInput invalid inputs should reject times exceeding 24 hours","status":"passed","title":"should reject times exceeding 24 hours","duration":0.30714699999953154,"failureMessages":[],"meta":{}},{"ancestorTitles":["Calculator Core Functions","validateTimeInput","boundary conditions"],"fullName":"Calculator Core Functions validateTimeInput boundary conditions should accept exactly 24 hours","status":"passed","title":"should accept exactly 24 hours","duration":0.28244099999938044,"failureMessages":[],"meta":{}},{"ancestorTitles":["Calculator Core Functions","validateTimeInput","boundary conditions"],"fullName":"Calculator Core Functions validateTimeInput boundary conditions should accept just under 24 hours","status":"passed","title":"should accept just under 24 hours","duration":0.2668570000005275,"failureMessages":[],"meta":{}},{"ancestorTitles":["Calculator Core Functions","validateDistanceInput","valid inputs"],"fullName":"Calculator Core Functions validateDistanceInput valid inputs should accept valid distances","status":"passed","title":"should accept valid distances","duration":0.6477629999999408,"failureMessages":[],"meta":{}},{"ancestorTitles":["Calculator Core Functions","validateDistanceInput","valid inputs"],"fullName":"Calculator Core Functions validateDistanceInput valid inputs should handle decimal inputs","status":"passed","title":"should handle decimal inputs","duration":0.324811999999838,"failureMessages":[],"meta":{}},{"ancestorTitles":["Calculator Core Functions","validateDistanceInput","invalid inputs"],"fullName":"Calculator Core Functions validateDistanceInput invalid inputs should reject empty inputs","status":"passed","title":"should reject empty inputs","duration":0.2876009999999951,"failureMessages":[],"meta":{}},{"ancestorTitles":["Calculator Core Functions","validateDistanceInput","invalid inputs"],"fullName":"Calculator Core Functions validateDistanceInput invalid inputs should reject non-numeric inputs","status":"passed","title":"should reject non-numeric inputs","duration":0.2500639999998384,"failureMessages":[],"meta":{}},{"ancestorTitles":["Calculator Core Functions","validateDistanceInput","invalid inputs"],"fullName":"Calculator Core Functions validateDistanceInput invalid inputs should reject zero distance","status":"passed","title":"should reject zero distance","duration":0.25966799999969226,"failureMessages":[],"meta":{}},{"ancestorTitles":["Calculator Core Functions","validateDistanceInput","invalid inputs"],"fullName":"Calculator Core Functions validateDistanceInput invalid inputs should reject negative distances","status":"passed","title":"should reject negative distances","duration":0.2711189999999988,"failureMessages":[],"meta":{}},{"ancestorTitles":["Calculator Core Functions","validateDistanceInput","invalid inputs"],"fullName":"Calculator Core Functions validateDistanceInput invalid inputs should reject unreasonably large distances","status":"passed","title":"should reject unreasonably large distances","duration":0.2616250000000946,"failureMessages":[],"meta":{}},{"ancestorTitles":["Calculator Core Functions","validateDistanceInput","boundary conditions"],"fullName":"Calculator Core Functions validateDistanceInput boundary conditions should accept exactly 1000","status":"passed","title":"should accept exactly 1000","duration":0.35583199999928183,"failureMessages":[],"meta":{}},{"ancestorTitles":["Calculator Core Functions","validateDistanceInput","boundary conditions"],"fullName":"Calculator Core Functions validateDistanceInput boundary conditions should accept very small distances","status":"passed","title":"should accept very small distances","duration":0.4773799999993571,"failureMessages":[],"meta":{}},{"ancestorTitles":["Calculator Core Functions","formatTime","MM:SS format (default)"],"fullName":"Calculator Core Functions formatTime MM:SS format (default) should format times correctly","status":"passed","title":"should format times correctly","duration":0.6198669999994308,"failureMessages":[],"meta":{}},{"ancestorTitles":["Calculator Core Functions","formatTime","MM:SS format (default)"],"fullName":"Calculator Core Functions formatTime MM:SS format (default) should handle zero and negative values","status":"passed","title":"should handle zero and negative values","duration":0.3243240000001606,"failureMessages":[],"meta":{}},{"ancestorTitles":["Calculator Core Functions","formatTime","MM:SS format (default)"],"fullName":"Calculator Core Functions formatTime MM:SS format (default) should round to nearest second","status":"passed","title":"should round to nearest second","duration":0.2622010000004593,"failureMessages":[],"meta":{}},{"ancestorTitles":["Calculator Core Functions","formatTime","H:MM:SS format (includeHours=true)"],"fullName":"Calculator Core Functions formatTime H:MM:SS format (includeHours=true) should format times with hours when requested","status":"passed","title":"should format times with hours when requested","duration":0.38092400000005,"failureMessages":[],"meta":{}},{"ancestorTitles":["Calculator Core Functions","formatTime","H:MM:SS format (includeHours=true)"],"fullName":"Calculator Core Functions formatTime H:MM:SS format (includeHours=true) should include hours when requested even if zero","status":"passed","title":"should include hours when requested even if zero","duration":0.3238359999995737,"failureMessages":[],"meta":{}},{"ancestorTitles":["Calculator Core Functions","formatTime","edge cases"],"fullName":"Calculator Core Functions formatTime edge cases should handle NaN input","status":"passed","title":"should handle NaN input","duration":0.25412299999970855,"failureMessages":[],"meta":{}},{"ancestorTitles":["Calculator Core Functions","formatTime","edge cases"],"fullName":"Calculator Core Functions formatTime edge cases should handle very large times","status":"passed","title":"should handle very large times","duration":0.21688200000062352,"failureMessages":[],"meta":{}},{"ancestorTitles":["Calculator Core Functions","calculatePace","kilometer calculations"],"fullName":"Calculator Core Functions calculatePace kilometer calculations should calculate pace per km correctly","status":"passed","title":"should calculate pace per km correctly","duration":0.46509299999979703,"failureMessages":[],"meta":{}},{"ancestorTitles":["Calculator Core Functions","calculatePace","kilometer calculations"],"fullName":"Calculator Core Functions calculatePace kilometer calculations should handle fractional distances","status":"passed","title":"should handle fractional distances","duration":0.2763489999997546,"failureMessages":[],"meta":{}},{"ancestorTitles":["Calculator Core Functions","calculatePace","mile calculations"],"fullName":"Calculator Core Functions calculatePace mile calculations should calculate pace per mile correctly","status":"passed","title":"should calculate pace per mile correctly","duration":0.27323599999999715,"failureMessages":[],"meta":{}},{"ancestorTitles":["Calculator Core Functions","calculatePace","precision and consistency"],"fullName":"Calculator Core Functions calculatePace precision and consistency should maintain precision across unit conversions","status":"passed","title":"should maintain precision across unit conversions","duration":0.3208869999998569,"failureMessages":[],"meta":{}},{"ancestorTitles":["Calculator Core Functions","calculatePace","precision and consistency"],"fullName":"Calculator Core Functions calculatePace precision and consistency should handle zero distance","status":"passed","title":"should handle zero distance","duration":0.2726889999994455,"failureMessages":[],"meta":{}},{"ancestorTitles":["Calculator Core Functions","calculatePace","real-world scenarios"],"fullName":"Calculator Core Functions calculatePace real-world scenarios should calculate marathon pace correctly","status":"passed","title":"should calculate marathon pace correctly","duration":0.24093100000027334,"failureMessages":[],"meta":{}},{"ancestorTitles":["Calculator Core Functions","calculatePace","real-world scenarios"],"fullName":"Calculator Core Functions calculatePace real-world scenarios should calculate 5K race pace correctly","status":"passed","title":"should calculate 5K race pace correctly","duration":0.26442499999939173,"failureMessages":[],"meta":{}},{"ancestorTitles":["Calculator Core Functions","calculateTime","basic calculations"],"fullName":"Calculator Core Functions calculateTime basic calculations should calculate total time correctly","status":"passed","title":"should calculate total time correctly","duration":0.3164470000001529,"failureMessages":[],"meta":{}},{"ancestorTitles":["Calculator Core Functions","calculateTime","basic calculations"],"fullName":"Calculator Core Functions calculateTime basic calculations should handle different pace and distance units","status":"passed","title":"should handle different pace and distance units","duration":0.2357190000002447,"failureMessages":[],"meta":{}},{"ancestorTitles":["Calculator Core Functions","calculateTime","unit conversion scenarios"],"fullName":"Calculator Core Functions calculateTime unit conversion scenarios should convert km pace to mile distance","status":"passed","title":"should convert km pace to mile distance","duration":0.29873399999996764,"failureMessages":[],"meta":{}},{"ancestorTitles":["Calculator Core Functions","calculateTime","unit conversion scenarios"],"fullName":"Calculator Core Functions calculateTime unit conversion scenarios should convert mile pace to km distance","status":"passed","title":"should convert mile pace to km distance","duration":0.23151399999915157,"failureMessages":[],"meta":{}},{"ancestorTitles":["Calculator Core Functions","calculateTime","precision verification"],"fullName":"Calculator Core Functions calculateTime precision verification should maintain calculation consistency","status":"passed","title":"should maintain calculation consistency","duration":0.2908950000000914,"failureMessages":[],"meta":{}},{"ancestorTitles":["Calculator Core Functions","calculateDistance","basic calculations"],"fullName":"Calculator Core Functions calculateDistance basic calculations should calculate distance correctly","status":"passed","title":"should calculate distance correctly","duration":0.43997699999999895,"failureMessages":[],"meta":{}},{"ancestorTitles":["Calculator Core Functions","calculateDistance","basic calculations"],"fullName":"Calculator Core Functions calculateDistance basic calculations should handle mile pace units","status":"passed","title":"should handle mile pace units","duration":0.3917959999998857,"failureMessages":[],"meta":{}},{"ancestorTitles":["Calculator Core Functions","calculateDistance","edge cases"],"fullName":"Calculator Core Functions calculateDistance edge cases should handle zero pace","status":"passed","title":"should handle zero pace","duration":0.3721000000005006,"failureMessages":[],"meta":{}},{"ancestorTitles":["Calculator Core Functions","calculateDistance","edge cases"],"fullName":"Calculator Core Functions calculateDistance edge cases should handle very fast pace","status":"passed","title":"should handle very fast pace","duration":0.2710159999996904,"failureMessages":[],"meta":{}},{"ancestorTitles":["Calculator Core Functions","calculateDistance","round-trip calculations"],"fullName":"Calculator Core Functions calculateDistance round-trip calculations should maintain precision in round-trip calculations","status":"passed","title":"should maintain precision in round-trip calculations","duration":0.33907300000009855,"failureMessages":[],"meta":{}},{"ancestorTitles":["Calculator Core Functions","formatDistance"],"fullName":"Calculator Core Functions formatDistance should format distances with default 2 decimal places","status":"passed","title":"should format distances with default 2 decimal places","duration":0.35355600000002596,"failureMessages":[],"meta":{}},{"ancestorTitles":["Calculator Core Functions","formatDistance"],"fullName":"Calculator Core Functions formatDistance should respect custom decimal places","status":"passed","title":"should respect custom decimal places","duration":0.28798700000061217,"failureMessages":[],"meta":{}},{"ancestorTitles":["Calculator Core Functions","formatDistance"],"fullName":"Calculator Core Functions formatDistance should handle edge cases","status":"passed","title":"should handle edge cases","duration":0.3382110000002285,"failureMessages":[],"meta":{}},{"ancestorTitles":["Calculator Core Functions","formatPaceDisplay"],"fullName":"Calculator Core Functions formatPaceDisplay should format pace in MM:SS format","status":"passed","title":"should format pace in MM:SS format","duration":0.32461199999943346,"failureMessages":[],"meta":{}},{"ancestorTitles":["Calculator Core Functions","formatPaceDisplay"],"fullName":"Calculator Core Functions formatPaceDisplay should handle edge cases","status":"passed","title":"should handle edge cases","duration":0.28115099999922677,"failureMessages":[],"meta":{}},{"ancestorTitles":["Calculator Core Functions","integration scenarios","complete calculation workflows"],"fullName":"Calculator Core Functions integration scenarios complete calculation workflows should handle pace calculation workflow","status":"passed","title":"should handle pace calculation workflow","duration":0.45806199999969976,"failureMessages":[],"meta":{}},{"ancestorTitles":["Calculator Core Functions","integration scenarios","complete calculation workflows"],"fullName":"Calculator Core Functions integration scenarios complete calculation workflows should handle time calculation workflow","status":"passed","title":"should handle time calculation workflow","duration":0.307437000000391,"failureMessages":[],"meta":{}},{"ancestorTitles":["Calculator Core Functions","integration scenarios","complete calculation workflows"],"fullName":"Calculator Core Functions integration scenarios complete calculation workflows should handle distance calculation workflow","status":"passed","title":"should handle distance calculation workflow","duration":0.2990300000001298,"failureMessages":[],"meta":{}},{"ancestorTitles":["Calculator Core Functions","integration scenarios","unit conversion consistency"],"fullName":"Calculator Core Functions integration scenarios unit conversion consistency should maintain consistency across all unit combinations","status":"passed","title":"should maintain consistency across all unit combinations","duration":0.4656990000003134,"failureMessages":[],"meta":{}},{"ancestorTitles":["Calculator Core Functions","Badge Update Test"],"fullName":"Calculator Core Functions Badge Update Test should trigger automatic badge updates in PRs","status":"passed","title":"should trigger automatic badge updates in PRs","duration":0.2436729999999443,"failureMessages":[],"meta":{}}],"startTime":1763467532995,"endTime":1763467533025.4658,"status":"passed","message":"","name":"/home/user/pace-calculator/tests/unit/calculator.test.js"},{"assertionResults":[{"ancestorTitles":["Default distance"],"fullName":"Default distance applies saved default distance on init","status":"passed","title":"applies saved default distance on init","duration":53.82049300000017,"failureMessages":[],"meta":{}}],"startTime":1763467536346,"endTime":1763467536399.8206,"status":"passed","message":"","name":"/home/user/pace-calculator/tests/unit/default-distance.test.js"},{"assertionResults":[{"ancestorTitles":["Distance Utilities","getRaceDistances"],"fullName":"Distance Utilities getRaceDistances should return all race distances with km and miles","status":"passed","title":"should return all race distances with km and miles","duration":4.964300000000549,"failureMessages":[],"meta":{}},{"ancestorTitles":["Distance Utilities","getRaceDistances"],"fullName":"Distance Utilities getRaceDistances should include sprint distances","status":"passed","title":"should include sprint distances","duration":1.2698669999999765,"failureMessages":[],"meta":{}},{"ancestorTitles":["Distance Utilities","getRaceDistances"],"fullName":"Distance Utilities getRaceDistances should include middle distances","status":"passed","title":"should include middle distances","duration":1.2440530000003491,"failureMessages":[],"meta":{}},{"ancestorTitles":["Distance Utilities","getRaceDistances"],"fullName":"Distance Utilities getRaceDistances should include long distances","status":"passed","title":"should include long distances","duration":0.6969209999997474,"failureMessages":[],"meta":{}},{"ancestorTitles":["Distance Utilities","getRaceDistances"],"fullName":"Distance Utilities getRaceDistances should include ultra distances","status":"passed","title":"should include ultra distances","duration":0.4928120000004128,"failureMessages":[],"meta":{}},{"ancestorTitles":["Distance Utilities","getRaceDistancesKm"],"fullName":"Distance Utilities getRaceDistancesKm should return all race distances in km only","status":"passed","title":"should return all race distances in km only","duration":0.5551880000002711,"failureMessages":[],"meta":{}},{"ancestorTitles":["Distance Utilities","getRaceDistancesKm"],"fullName":"Distance Utilities getRaceDistancesKm should return a copy of the distances object","status":"passed","title":"should return a copy of the distances object","duration":1.8279770000008284,"failureMessages":[],"meta":{}},{"ancestorTitles":["Distance Utilities","getDistanceDisplayName"],"fullName":"Distance Utilities getDistanceDisplayName should return proper display names","status":"passed","title":"should return proper display names","duration":0.5157239999998637,"failureMessages":[],"meta":{}},{"ancestorTitles":["Distance Utilities","getDistanceDisplayName"],"fullName":"Distance Utilities getDistanceDisplayName should handle unknown distances with fallback","status":"passed","title":"should handle unknown distances with fallback","duration":0.5436180000006061,"failureMessages":[],"meta":{}},{"ancestorTitles":["Distance Utilities","getDistanceDisplayName"],"fullName":"Distance Utilities getDistanceDisplayName should handle distances with dashes","status":"passed","title":"should handle distances with dashes","duration":0.3757150000001275,"failureMessages":[],"meta":{}},{"ancestorTitles":["Distance Utilities","getDistanceValue"],"fullName":"Distance Utilities getDistanceValue should return distance in km","status":"passed","title":"should return distance in km","duration":0.5914890000003652,"failureMessages":[],"meta":{}},{"ancestorTitles":["Distance Utilities","getDistanceValue"],"fullName":"Distance Utilities getDistanceValue should return distance in miles","status":"passed","title":"should return distance in miles","duration":0.5896929999998974,"failureMessages":[],"meta":{}},{"ancestorTitles":["Distance Utilities","getDistanceValue"],"fullName":"Distance Utilities getDistanceValue should return null for unknown distance","status":"passed","title":"should return null for unknown distance","duration":0.4807200000004741,"failureMessages":[],"meta":{}},{"ancestorTitles":["Distance Utilities","getDistanceValue"],"fullName":"Distance Utilities getDistanceValue should handle 1-mile distance","status":"passed","title":"should handle 1-mile distance","duration":0.5179509999998118,"failureMessages":[],"meta":{}},{"ancestorTitles":["Distance Utilities","getDistanceSuggestions"],"fullName":"Distance Utilities getDistanceSuggestions should return suggestions for km and miles","status":"passed","title":"should return suggestions for km and miles","duration":0.6660529999999198,"failureMessages":[],"meta":{}},{"ancestorTitles":["Distance Utilities","getDistanceSuggestions"],"fullName":"Distance Utilities getDistanceSuggestions should include standard race distances","status":"passed","title":"should include standard race distances","duration":1.4287189999995462,"failureMessages":[],"meta":{}},{"ancestorTitles":["Distance Utilities","getDistanceSuggestions"],"fullName":"Distance Utilities getDistanceSuggestions should include common training distances","status":"passed","title":"should include common training distances","duration":0.7618700000002718,"failureMessages":[],"meta":{}},{"ancestorTitles":["Distance Utilities","getDistanceSuggestions"],"fullName":"Distance Utilities getDistanceSuggestions should have no duplicates","status":"passed","title":"should have no duplicates","duration":0.41081299999950716,"failureMessages":[],"meta":{}},{"ancestorTitles":["Distance Utilities","getDistanceSuggestions"],"fullName":"Distance Utilities getDistanceSuggestions should be sorted in ascending order","status":"passed","title":"should be sorted in ascending order","duration":0.6025279999994382,"failureMessages":[],"meta":{}},{"ancestorTitles":["Distance Utilities","normalizeDistanceToKm"],"fullName":"Distance Utilities normalizeDistanceToKm should return same value for km","status":"passed","title":"should return same value for km","duration":0.3702899999998408,"failureMessages":[],"meta":{}},{"ancestorTitles":["Distance Utilities","normalizeDistanceToKm"],"fullName":"Distance Utilities normalizeDistanceToKm should convert miles to km","status":"passed","title":"should convert miles to km","duration":0.5569219999997586,"failureMessages":[],"meta":{}},{"ancestorTitles":["Distance Utilities","normalizeDistanceToKm"],"fullName":"Distance Utilities normalizeDistanceToKm should handle zero distance","status":"passed","title":"should handle zero distance","duration":0.28846900000007736,"failureMessages":[],"meta":{}},{"ancestorTitles":["Distance Utilities","findDistanceKey"],"fullName":"Distance Utilities findDistanceKey should find distance key by km value","status":"passed","title":"should find distance key by km value","duration":0.4781219999995301,"failureMessages":[],"meta":{}},{"ancestorTitles":["Distance Utilities","findDistanceKey"],"fullName":"Distance Utilities findDistanceKey should find distance key by miles value","status":"passed","title":"should find distance key by miles value","duration":0.3152509999999893,"failureMessages":[],"meta":{}},{"ancestorTitles":["Distance Utilities","findDistanceKey"],"fullName":"Distance Utilities findDistanceKey should return null for unknown distance","status":"passed","title":"should return null for unknown distance","duration":0.34365100000013626,"failureMessages":[],"meta":{}},{"ancestorTitles":["Distance Utilities","findDistanceKey"],"fullName":"Distance Utilities findDistanceKey should handle tolerance parameter","status":"passed","title":"should handle tolerance parameter","duration":0.5704560000003767,"failureMessages":[],"meta":{}},{"ancestorTitles":["Distance Utilities","findDistanceKey"],"fullName":"Distance Utilities findDistanceKey should handle ultra distances","status":"passed","title":"should handle ultra distances","duration":0.32546300000012707,"failureMessages":[],"meta":{}},{"ancestorTitles":["Distance Utilities","isUltraDistance"],"fullName":"Distance Utilities isUltraDistance should return true for ultra distances","status":"passed","title":"should return true for ultra distances","duration":0.3920410000000629,"failureMessages":[],"meta":{}},{"ancestorTitles":["Distance Utilities","isUltraDistance"],"fullName":"Distance Utilities isUltraDistance should return false for non-ultra distances","status":"passed","title":"should return false for non-ultra distances","duration":0.5104320000000371,"failureMessages":[],"meta":{}},{"ancestorTitles":["Distance Utilities","isUltraDistance"],"fullName":"Distance Utilities isUltraDistance should return false for unknown distances","status":"passed","title":"should return false for unknown distances","duration":0.5031370000006063,"failureMessages":[],"meta":{}},{"ancestorTitles":["Distance Utilities","getDistanceCategory"],"fullName":"Distance Utilities getDistanceCategory should return sprint for sprint distances","status":"passed","title":"should return sprint for sprint distances","duration":0.525948999999855,"failureMessages":[],"meta":{}},{"ancestorTitles":["Distance Utilities","getDistanceCategory"],"fullName":"Distance Utilities getDistanceCategory should return middle for middle distances","status":"passed","title":"should return middle for middle distances","duration":0.3567409999996016,"failureMessages":[],"meta":{}},{"ancestorTitles":["Distance Utilities","getDistanceCategory"],"fullName":"Distance Utilities getDistanceCategory should return long for long distances","status":"passed","title":"should return long for long distances","duration":0.28041100000064034,"failureMessages":[],"meta":{}},{"ancestorTitles":["Distance Utilities","getDistanceCategory"],"fullName":"Distance Utilities getDistanceCategory should return ultra for ultra distances","status":"passed","title":"should return ultra for ultra distances","duration":0.2625639999996565,"failureMessages":[],"meta":{}},{"ancestorTitles":["Distance Utilities","getDistanceCategory"],"fullName":"Distance Utilities getDistanceCategory should return null for unknown distances","status":"passed","title":"should return null for unknown distances","duration":0.23348599999917496,"failureMessages":[],"meta":{}},{"ancestorTitles":["Distance Utilities","getUltraDistances"],"fullName":"Distance Utilities getUltraDistances should return only ultra distances","status":"passed","title":"should return only ultra distances","duration":0.42416900000080204,"failureMessages":[],"meta":{}},{"ancestorTitles":["Distance Utilities","getUltraDistances"],"fullName":"Distance Utilities getUltraDistances should not include non-ultra distances","status":"passed","title":"should not include non-ultra distances","duration":0.45199499999944237,"failureMessages":[],"meta":{}},{"ancestorTitles":["Distance Utilities","getUltraDistances"],"fullName":"Distance Utilities getUltraDistances should return distances with km and miles values","status":"passed","title":"should return distances with km and miles values","duration":0.6340730000001713,"failureMessages":[],"meta":{}},{"ancestorTitles":["Distance Utilities","getDistancesByCategory"],"fullName":"Distance Utilities getDistancesByCategory should return sprint distances","status":"passed","title":"should return sprint distances","duration":0.5178329999998823,"failureMessages":[],"meta":{}},{"ancestorTitles":["Distance Utilities","getDistancesByCategory"],"fullName":"Distance Utilities getDistancesByCategory should return middle distances","status":"passed","title":"should return middle distances","duration":0.3973580000001675,"failureMessages":[],"meta":{}},{"ancestorTitles":["Distance Utilities","getDistancesByCategory"],"fullName":"Distance Utilities getDistancesByCategory should return long distances","status":"passed","title":"should return long distances","duration":0.3576050000001487,"failureMessages":[],"meta":{}},{"ancestorTitles":["Distance Utilities","getDistancesByCategory"],"fullName":"Distance Utilities getDistancesByCategory should return ultra distances","status":"passed","title":"should return ultra distances","duration":0.3880779999999504,"failureMessages":[],"meta":{}},{"ancestorTitles":["Distance Utilities","getDistancesByCategory"],"fullName":"Distance Utilities getDistancesByCategory should return empty object for unknown category","status":"passed","title":"should return empty object for unknown category","duration":0.7501630000006116,"failureMessages":[],"meta":{}},{"ancestorTitles":["Distance Utilities","getDistancesByCategory"],"fullName":"Distance Utilities getDistancesByCategory should return distances with km and miles values","status":"passed","title":"should return distances with km and miles values","duration":0.35247699999945326,"failureMessages":[],"meta":{}}],"startTime":1763467532939,"endTime":1763467532969.3525,"status":"passed","message":"","name":"/home/user/pace-calculator/tests/unit/distances.test.js"},{"assertionResults":[{"ancestorTitles":["DOM Ready Utilities","waitForDOM"],"fullName":"DOM Ready Utilities waitForDOM should resolve immediately if DOM is already loaded","status":"passed","title":"should resolve immediately if DOM is already loaded","duration":6.344804999999724,"failureMessages":[],"meta":{}},{"ancestorTitles":["DOM Ready Utilities","waitForDOM"],"fullName":"DOM Ready Utilities waitForDOM should resolve immediately if DOM is interactive","status":"passed","title":"should resolve immediately if DOM is interactive","duration":2.030550999999832,"failureMessages":[],"meta":{}},{"ancestorTitles":["DOM Ready Utilities","waitForElement"],"fullName":"DOM Ready Utilities waitForElement should resolve immediately if element exists","status":"passed","title":"should resolve immediately if element exists","duration":6.4618719999998575,"failureMessages":[],"meta":{}},{"ancestorTitles":["DOM Ready Utilities","waitForElement"],"fullName":"DOM Ready Utilities waitForElement should wait for element to appear","status":"passed","title":"should wait for element to appear","duration":103.96893099999943,"failureMessages":[],"meta":{}},{"ancestorTitles":["DOM Ready Utilities","waitForElement"],"fullName":"DOM Ready Utilities waitForElement should reject if element not found within timeout","status":"passed","title":"should reject if element not found within timeout","duration":103.26736100000016,"failureMessages":[],"meta":{}},{"ancestorTitles":["DOM Ready Utilities","waitForElement"],"fullName":"DOM Ready Utilities waitForElement should detect element added to nested structure","status":"passed","title":"should detect element added to nested structure","duration":54.917693999999756,"failureMessages":[],"meta":{}},{"ancestorTitles":["DOM Ready Utilities","waitForElements"],"fullName":"DOM Ready Utilities waitForElements should wait for multiple elements","status":"passed","title":"should wait for multiple elements","duration":53.817683000000216,"failureMessages":[],"meta":{}},{"ancestorTitles":["DOM Ready Utilities","waitForElements"],"fullName":"DOM Ready Utilities waitForElements should resolve immediately if all elements exist","status":"passed","title":"should resolve immediately if all elements exist","duration":2.9330509999999776,"failureMessages":[],"meta":{}},{"ancestorTitles":["DOM Ready Utilities","waitForElements"],"fullName":"DOM Ready Utilities waitForElements should reject if any element times out","status":"passed","title":"should reject if any element times out","duration":101.9981400000006,"failureMessages":[],"meta":{}},{"ancestorTitles":["DOM Ready Utilities","safeGetElement"],"fullName":"DOM Ready Utilities safeGetElement should return element if it exists","status":"passed","title":"should return element if it exists","duration":1.1667559999996229,"failureMessages":[],"meta":{}},{"ancestorTitles":["DOM Ready Utilities","safeGetElement"],"fullName":"DOM Ready Utilities safeGetElement should throw error if required element not found","status":"passed","title":"should throw error if required element not found","duration":0.534947000000102,"failureMessages":[],"meta":{}},{"ancestorTitles":["DOM Ready Utilities","safeGetElement"],"fullName":"DOM Ready Utilities safeGetElement should return null if optional element not found","status":"passed","title":"should return null if optional element not found","duration":2.43851099999938,"failureMessages":[],"meta":{}},{"ancestorTitles":["DOM Ready Utilities","safeGetElement"],"fullName":"DOM Ready Utilities safeGetElement should default to required=true","status":"passed","title":"should default to required=true","duration":0.5803750000004584,"failureMessages":[],"meta":{}},{"ancestorTitles":["DOM Ready Utilities","safeGetElements"],"fullName":"DOM Ready Utilities safeGetElements should return object with all elements","status":"passed","title":"should return object with all elements","duration":2.420447999999851,"failureMessages":[],"meta":{}},{"ancestorTitles":["DOM Ready Utilities","safeGetElements"],"fullName":"DOM Ready Utilities safeGetElements should throw if any required element missing","status":"passed","title":"should throw if any required element missing","duration":0.9603540000007342,"failureMessages":[],"meta":{}},{"ancestorTitles":["DOM Ready Utilities","safeGetElements"],"fullName":"DOM Ready Utilities safeGetElements should warn but not throw if optional elements missing","status":"passed","title":"should warn but not throw if optional elements missing","duration":0.84262199999921,"failureMessages":[],"meta":{}},{"ancestorTitles":["DOM Ready Utilities","safeGetElements"],"fullName":"DOM Ready Utilities safeGetElements should handle multiple missing elements","status":"passed","title":"should handle multiple missing elements","duration":0.6129019999998491,"failureMessages":[],"meta":{}},{"ancestorTitles":["DOM Ready Utilities","safeAddEventListener"],"fullName":"DOM Ready Utilities safeAddEventListener should add event listener successfully","status":"passed","title":"should add event listener successfully","duration":2.067124999999578,"failureMessages":[],"meta":{}},{"ancestorTitles":["DOM Ready Utilities","safeAddEventListener"],"fullName":"DOM Ready Utilities safeAddEventListener should warn if element is null","status":"passed","title":"should warn if element is null","duration":0.6375219999999899,"failureMessages":[],"meta":{}},{"ancestorTitles":["DOM Ready Utilities","safeAddEventListener"],"fullName":"DOM Ready Utilities safeAddEventListener should handle addEventListener errors","status":"passed","title":"should handle addEventListener errors","duration":0.976926999999705,"failureMessages":[],"meta":{}},{"ancestorTitles":["DOM Ready Utilities","safeAddEventListener"],"fullName":"DOM Ready Utilities safeAddEventListener should support event listener options","status":"passed","title":"should support event listener options","duration":1.4886349999997037,"failureMessages":[],"meta":{}},{"ancestorTitles":["DOM Ready Utilities","safeAddEventListener"],"fullName":"DOM Ready Utilities safeAddEventListener should use \"unknown\" as default element name","status":"passed","title":"should use \"unknown\" as default element name","duration":1.2081009999992602,"failureMessages":[],"meta":{}},{"ancestorTitles":["DOM Ready Utilities","robustInit"],"fullName":"DOM Ready Utilities robustInit should initialize function successfully","status":"passed","title":"should initialize function successfully","duration":51.86055099999976,"failureMessages":[],"meta":{}},{"ancestorTitles":["DOM Ready Utilities","robustInit"],"fullName":"DOM Ready Utilities robustInit should wait for required elements","status":"passed","title":"should wait for required elements","duration":52.07634400000006,"failureMessages":[],"meta":{}},{"ancestorTitles":["DOM Ready Utilities","robustInit"],"fullName":"DOM Ready Utilities robustInit should retry on failure","status":"passed","title":"should retry on failure","duration":355.3566529999998,"failureMessages":[],"meta":{}},{"ancestorTitles":["DOM Ready Utilities","robustInit"],"fullName":"DOM Ready Utilities robustInit should throw after all retries exhausted","status":"passed","title":"should throw after all retries exhausted","duration":351.6264309999997,"failureMessages":[],"meta":{}},{"ancestorTitles":["DOM Ready Utilities","robustInit"],"fullName":"DOM Ready Utilities robustInit should use default options","status":"passed","title":"should use default options","duration":51.85944300000028,"failureMessages":[],"meta":{}},{"ancestorTitles":["DOM Ready Utilities","robustInit"],"fullName":"DOM Ready Utilities robustInit should handle timeout when waiting for elements","status":"passed","title":"should handle timeout when waiting for elements","duration":103.42076499999985,"failureMessages":[],"meta":{}}],"startTime":1763467532947,"endTime":1763467534366.4207,"status":"passed","message":"","name":"/home/user/pace-calculator/tests/unit/dom-ready.test.js"},{"assertionResults":[{"ancestorTitles":["Personal Records (PR) Module","loadPRs and savePRs"],"fullName":"Personal Records (PR) Module loadPRs and savePRs should return empty object when no PRs stored","status":"passed","title":"should return empty object when no PRs stored","duration":4.668611000000055,"failureMessages":[],"meta":{}},{"ancestorTitles":["Personal Records (PR) Module","loadPRs and savePRs"],"fullName":"Personal Records (PR) Module loadPRs and savePRs should save and load PRs correctly","status":"passed","title":"should save and load PRs correctly","duration":1.5745850000002974,"failureMessages":[],"meta":{}},{"ancestorTitles":["Personal Records (PR) Module","loadPRs and savePRs"],"fullName":"Personal Records (PR) Module loadPRs and savePRs should handle corrupted localStorage data","status":"passed","title":"should handle corrupted localStorage data","duration":9.16012099999989,"failureMessages":[],"meta":{}},{"ancestorTitles":["Personal Records (PR) Module","loadPRs and savePRs"],"fullName":"Personal Records (PR) Module loadPRs and savePRs should handle localStorage save errors","status":"passed","title":"should handle localStorage save errors","duration":1.8176770000000033,"failureMessages":[],"meta":{}},{"ancestorTitles":["Personal Records (PR) Module","setPR"],"fullName":"Personal Records (PR) Module setPR should set PR with all parameters","status":"passed","title":"should set PR with all parameters","duration":0.9753449999998338,"failureMessages":[],"meta":{}},{"ancestorTitles":["Personal Records (PR) Module","setPR"],"fullName":"Personal Records (PR) Module setPR should set PR with default date when none provided","status":"passed","title":"should set PR with default date when none provided","duration":0.64645500000006,"failureMessages":[],"meta":{}},{"ancestorTitles":["Personal Records (PR) Module","setPR"],"fullName":"Personal Records (PR) Module setPR should convert miles to km for storage","status":"passed","title":"should convert miles to km for storage","duration":0.6540000000004511,"failureMessages":[],"meta":{}},{"ancestorTitles":["Personal Records (PR) Module","setPR"],"fullName":"Personal Records (PR) Module setPR should overwrite existing PR","status":"passed","title":"should overwrite existing PR","duration":0.42063599999983126,"failureMessages":[],"meta":{}},{"ancestorTitles":["Personal Records (PR) Module","getPRForDistance"],"fullName":"Personal Records (PR) Module getPRForDistance should find exact distance match","status":"passed","title":"should find exact distance match","duration":0.8116500000005544,"failureMessages":[],"meta":{}},{"ancestorTitles":["Personal Records (PR) Module","getPRForDistance"],"fullName":"Personal Records (PR) Module getPRForDistance should find standard distance with tolerance","status":"passed","title":"should find standard distance with tolerance","duration":0.5360829999999623,"failureMessages":[],"meta":{}},{"ancestorTitles":["Personal Records (PR) Module","getPRForDistance"],"fullName":"Personal Records (PR) Module getPRForDistance should return null when no matching PR found","status":"passed","title":"should return null when no matching PR found","duration":1.1420240000006743,"failureMessages":[],"meta":{}},{"ancestorTitles":["Personal Records (PR) Module","getPRForDistance"],"fullName":"Personal Records (PR) Module getPRForDistance should not match distances outside tolerance","status":"passed","title":"should not match distances outside tolerance","duration":0.4283629999999903,"failureMessages":[],"meta":{}},{"ancestorTitles":["Personal Records (PR) Module","removePR"],"fullName":"Personal Records (PR) Module removePR should remove specified PR","status":"passed","title":"should remove specified PR","duration":0.6296830000001137,"failureMessages":[],"meta":{}},{"ancestorTitles":["Personal Records (PR) Module","removePR"],"fullName":"Personal Records (PR) Module removePR should handle removing non-existent PR","status":"passed","title":"should handle removing non-existent PR","duration":1.043015999999625,"failureMessages":[],"meta":{}},{"ancestorTitles":["Personal Records (PR) Module","getAllPRs"],"fullName":"Personal Records (PR) Module getAllPRs should return all PRs formatted correctly","status":"passed","title":"should return all PRs formatted correctly","duration":0.850575999999819,"failureMessages":[],"meta":{}},{"ancestorTitles":["Personal Records (PR) Module","getAllPRs"],"fullName":"Personal Records (PR) Module getAllPRs should sort PRs by distance","status":"passed","title":"should sort PRs by distance","duration":0.5257280000005267,"failureMessages":[],"meta":{}},{"ancestorTitles":["Personal Records (PR) Module","getAllPRs"],"fullName":"Personal Records (PR) Module getAllPRs should handle custom distances without display names","status":"passed","title":"should handle custom distances without display names","duration":0.37542300000040996,"failureMessages":[],"meta":{}},{"ancestorTitles":["Personal Records (PR) Module","getAllPRs"],"fullName":"Personal Records (PR) Module getAllPRs should return empty array when no PRs exist","status":"passed","title":"should return empty array when no PRs exist","duration":3.8133600000001024,"failureMessages":[],"meta":{}},{"ancestorTitles":["Personal Records (PR) Module","comparePaceWithPR"],"fullName":"Personal Records (PR) Module comparePaceWithPR should compare faster current pace with PR","status":"passed","title":"should compare faster current pace with PR","duration":0.7516019999993659,"failureMessages":[],"meta":{}},{"ancestorTitles":["Personal Records (PR) Module","comparePaceWithPR"],"fullName":"Personal Records (PR) Module comparePaceWithPR should compare slower current pace with PR","status":"passed","title":"should compare slower current pace with PR","duration":0.4868610000003173,"failureMessages":[],"meta":{}},{"ancestorTitles":["Personal Records (PR) Module","comparePaceWithPR"],"fullName":"Personal Records (PR) Module comparePaceWithPR should return null when no PR exists for distance","status":"passed","title":"should return null when no PR exists for distance","duration":0.31652699999995093,"failureMessages":[],"meta":{}},{"ancestorTitles":["Personal Records (PR) Module","comparePaceWithPR"],"fullName":"Personal Records (PR) Module comparePaceWithPR should handle different units correctly","status":"passed","title":"should handle different units correctly","duration":0.4439110000002984,"failureMessages":[],"meta":{}},{"ancestorTitles":["Personal Records (PR) Module","comparePaceWithPR"],"fullName":"Personal Records (PR) Module comparePaceWithPR should calculate percentage differences","status":"passed","title":"should calculate percentage differences","duration":0.33072100000026694,"failureMessages":[],"meta":{}},{"ancestorTitles":["Personal Records (PR) Module","validatePRTime"],"fullName":"Personal Records (PR) Module validatePRTime should accept valid PR times","status":"passed","title":"should accept valid PR times","duration":0.45009399999980815,"failureMessages":[],"meta":{}},{"ancestorTitles":["Personal Records (PR) Module","validatePRTime"],"fullName":"Personal Records (PR) Module validatePRTime should reject times that are too fast","status":"passed","title":"should reject times that are too fast","duration":0.2918939999999566,"failureMessages":[],"meta":{}},{"ancestorTitles":["Personal Records (PR) Module","validatePRTime"],"fullName":"Personal Records (PR) Module validatePRTime should reject times exceeding 24 hours","status":"passed","title":"should reject times exceeding 24 hours","duration":0.27834100000018225,"failureMessages":[],"meta":{}},{"ancestorTitles":["Personal Records (PR) Module","validatePRTime"],"fullName":"Personal Records (PR) Module validatePRTime should accept boundary times","status":"passed","title":"should accept boundary times","duration":0.32955499999934545,"failureMessages":[],"meta":{}},{"ancestorTitles":["Personal Records (PR) Module","validatePRTime"],"fullName":"Personal Records (PR) Module validatePRTime should delegate to calculator validation for format errors","status":"passed","title":"should delegate to calculator validation for format errors","duration":0.2680080000000089,"failureMessages":[],"meta":{}},{"ancestorTitles":["Personal Records (PR) Module","getDistanceName"],"fullName":"Personal Records (PR) Module getDistanceName should return display name for standard distances","status":"passed","title":"should return display name for standard distances","duration":0.39157299999988027,"failureMessages":[],"meta":{}},{"ancestorTitles":["Personal Records (PR) Module","getDistanceName"],"fullName":"Personal Records (PR) Module getDistanceName should return formatted string for custom distances","status":"passed","title":"should return formatted string for custom distances","duration":0.40729300000020885,"failureMessages":[],"meta":{}},{"ancestorTitles":["Personal Records (PR) Module","getDistanceName"],"fullName":"Personal Records (PR) Module getDistanceName should handle mile to km conversion for standard distances","status":"passed","title":"should handle mile to km conversion for standard distances","duration":0.4867679999997563,"failureMessages":[],"meta":{}},{"ancestorTitles":["Personal Records (PR) Module","formatDate"],"fullName":"Personal Records (PR) Module formatDate should format ISO date strings correctly","status":"passed","title":"should format ISO date strings correctly","duration":15.915541999999732,"failureMessages":[],"meta":{}},{"ancestorTitles":["Personal Records (PR) Module","formatDate"],"fullName":"Personal Records (PR) Module formatDate should handle invalid date strings","status":"passed","title":"should handle invalid date strings","duration":0.4243139999998675,"failureMessages":[],"meta":{}},{"ancestorTitles":["Personal Records (PR) Module","getDateInputValue"],"fullName":"Personal Records (PR) Module getDateInputValue should return YYYY-MM-DD format for date inputs","status":"passed","title":"should return YYYY-MM-DD format for date inputs","duration":0.345393999999942,"failureMessages":[],"meta":{}},{"ancestorTitles":["Personal Records (PR) Module","getDateInputValue"],"fullName":"Personal Records (PR) Module getDateInputValue should handle invalid dates","status":"passed","title":"should handle invalid dates","duration":0.40218800000002375,"failureMessages":[],"meta":{}},{"ancestorTitles":["Personal Records (PR) Module","getDateInputValue"],"fullName":"Personal Records (PR) Module getDateInputValue should handle different timezones correctly","status":"passed","title":"should handle different timezones correctly","duration":0.25787900000068475,"failureMessages":[],"meta":{}},{"ancestorTitles":["Personal Records (PR) Module","integration scenarios"],"fullName":"Personal Records (PR) Module integration scenarios should handle complete PR management workflow","status":"passed","title":"should handle complete PR management workflow","duration":0.9050809999998819,"failureMessages":[],"meta":{}},{"ancestorTitles":["Personal Records (PR) Module","integration scenarios"],"fullName":"Personal Records (PR) Module integration scenarios should handle unit conversions consistently","status":"passed","title":"should handle unit conversions consistently","duration":0.3992520000001605,"failureMessages":[],"meta":{}},{"ancestorTitles":["Personal Records (PR) Module","integration scenarios"],"fullName":"Personal Records (PR) Module integration scenarios should maintain data integrity across localStorage operations","status":"passed","title":"should maintain data integrity across localStorage operations","duration":0.5910960000001069,"failureMessages":[],"meta":{}}],"startTime":1763467532965,"endTime":1763467533021.591,"status":"passed","message":"","name":"/home/user/pace-calculator/tests/unit/pr.test.js"},{"assertionResults":[{"ancestorTitles":["Quick Preset Buttons"],"fullName":"Quick Preset Buttons should populate distance field when 5K preset button is clicked in pace tab","status":"passed","title":"should populate distance field when 5K preset button is clicked in pace tab","duration":40.72151500000018,"failureMessages":[],"meta":{}},{"ancestorTitles":["Quick Preset Buttons"],"fullName":"Quick Preset Buttons should populate distance field when 10K preset button is clicked in pace tab","status":"passed","title":"should populate distance field when 10K preset button is clicked in pace tab","duration":14.040487000000212,"failureMessages":[],"meta":{}},{"ancestorTitles":["Quick Preset Buttons"],"fullName":"Quick Preset Buttons should populate distance field when half marathon preset button is clicked in pace tab","status":"passed","title":"should populate distance field when half marathon preset button is clicked in pace tab","duration":8.178444000000127,"failureMessages":[],"meta":{}},{"ancestorTitles":["Quick Preset Buttons"],"fullName":"Quick Preset Buttons should populate distance field when marathon preset button is clicked in pace tab","status":"passed","title":"should populate distance field when marathon preset button is clicked in pace tab","duration":6.4290460000001985,"failureMessages":[],"meta":{}},{"ancestorTitles":["Quick Preset Buttons"],"fullName":"Quick Preset Buttons should populate distance field in time tab when preset button is clicked","status":"passed","title":"should populate distance field in time tab when preset button is clicked","duration":11.719352000000072,"failureMessages":[],"meta":{}},{"ancestorTitles":["Quick Preset Buttons"],"fullName":"Quick Preset Buttons should update distance value when unit system changes","status":"passed","title":"should update distance value when unit system changes","duration":5.380464000000757,"failureMessages":[],"meta":{}},{"ancestorTitles":["Quick Preset Buttons"],"fullName":"Quick Preset Buttons should have proper accessibility attributes","status":"passed","title":"should have proper accessibility attributes","duration":5.288778000000093,"failureMessages":[],"meta":{}},{"ancestorTitles":["Quick Preset Buttons"],"fullName":"Quick Preset Buttons should have all four preset buttons in each tab","status":"passed","title":"should have all four preset buttons in each tab","duration":8.367658999999549,"failureMessages":[],"meta":{}},{"ancestorTitles":["Quick Preset Buttons"],"fullName":"Quick Preset Buttons should clear error states when preset button is clicked","status":"passed","title":"should clear error states when preset button is clicked","duration":5.934658000000127,"failureMessages":[],"meta":{}},{"ancestorTitles":["Quick Preset Buttons"],"fullName":"Quick Preset Buttons should update preset dropdown when 5K quick preset button is clicked in pace tab","status":"passed","title":"should update preset dropdown when 5K quick preset button is clicked in pace tab","duration":5.978701000000001,"failureMessages":[],"meta":{}},{"ancestorTitles":["Quick Preset Buttons"],"fullName":"Quick Preset Buttons should update preset dropdown when 10K quick preset button is clicked in pace tab","status":"passed","title":"should update preset dropdown when 10K quick preset button is clicked in pace tab","duration":5.176897000000281,"failureMessages":[],"meta":{}},{"ancestorTitles":["Quick Preset Buttons"],"fullName":"Quick Preset Buttons should update preset dropdown when half marathon quick preset button is clicked in pace tab","status":"passed","title":"should update preset dropdown when half marathon quick preset button is clicked in pace tab","duration":4.8279410000004646,"failureMessages":[],"meta":{}},{"ancestorTitles":["Quick Preset Buttons"],"fullName":"Quick Preset Buttons should update preset dropdown when marathon quick preset button is clicked in pace tab","status":"passed","title":"should update preset dropdown when marathon quick preset button is clicked in pace tab","duration":5.0798729999996795,"failureMessages":[],"meta":{}},{"ancestorTitles":["Quick Preset Buttons"],"fullName":"Quick Preset Buttons should update preset dropdown when quick preset button is clicked in time tab","status":"passed","title":"should update preset dropdown when quick preset button is clicked in time tab","duration":4.649725999999646,"failureMessages":[],"meta":{}},{"ancestorTitles":["Quick Preset Buttons"],"fullName":"Quick Preset Buttons should update both distance input and preset dropdown synchronously","status":"passed","title":"should update both distance input and preset dropdown synchronously","duration":6.4283830000003945,"failureMessages":[],"meta":{}}],"startTime":1763467533557,"endTime":1763467533695.4285,"status":"passed","message":"","name":"/home/user/pace-calculator/tests/unit/quick-presets.test.js"},{"assertionResults":[{"ancestorTitles":["sanitizer - XSS Prevention","sanitizeHTML()"],"fullName":"sanitizer - XSS Prevention sanitizeHTML() should allow safe HTML tags","status":"passed","title":"should allow safe HTML tags","duration":13.901236000000608,"failureMessages":[],"meta":{}},{"ancestorTitles":["sanitizer - XSS Prevention","sanitizeHTML()"],"fullName":"sanitizer - XSS Prevention sanitizeHTML() should remove script tags","status":"passed","title":"should remove script tags","duration":4.440247999999883,"failureMessages":[],"meta":{}},{"ancestorTitles":["sanitizer - XSS Prevention","sanitizeHTML()"],"fullName":"sanitizer - XSS Prevention sanitizeHTML() should remove img tags with onerror","status":"passed","title":"should remove img tags with onerror","duration":5.2757760000004055,"failureMessages":[],"meta":{}},{"ancestorTitles":["sanitizer - XSS Prevention","sanitizeHTML()"],"fullName":"sanitizer - XSS Prevention sanitizeHTML() should remove javascript: protocol URLs","status":"passed","title":"should remove javascript: protocol URLs","duration":3.1948750000001382,"failureMessages":[],"meta":{}},{"ancestorTitles":["sanitizer - XSS Prevention","sanitizeHTML()"],"fullName":"sanitizer - XSS Prevention sanitizeHTML() should remove on* event handlers","status":"passed","title":"should remove on* event handlers","duration":2.609383999999409,"failureMessages":[],"meta":{}},{"ancestorTitles":["sanitizer - XSS Prevention","sanitizeHTML()"],"fullName":"sanitizer - XSS Prevention sanitizeHTML() should handle iframe injection","status":"passed","title":"should handle iframe injection","duration":3.1800780000003215,"failureMessages":[],"meta":{}},{"ancestorTitles":["sanitizer - XSS Prevention","sanitizeHTML()"],"fullName":"sanitizer - XSS Prevention sanitizeHTML() should handle SVG XSS attempts","status":"passed","title":"should handle SVG XSS attempts","duration":3.834186000000045,"failureMessages":[],"meta":{}},{"ancestorTitles":["sanitizer - XSS Prevention","sanitizeHTML()"],"fullName":"sanitizer - XSS Prevention sanitizeHTML() should handle object/embed tags","status":"passed","title":"should handle object/embed tags","duration":2.179783000000498,"failureMessages":[],"meta":{}},{"ancestorTitles":["sanitizer - XSS Prevention","sanitizeText()"],"fullName":"sanitizer - XSS Prevention sanitizeText() should escape HTML entities","status":"passed","title":"should escape HTML entities","duration":0.9438830000008238,"failureMessages":[],"meta":{}},{"ancestorTitles":["sanitizer - XSS Prevention","sanitizeText()"],"fullName":"sanitizer - XSS Prevention sanitizeText() should handle plain text without changes","status":"passed","title":"should handle plain text without changes","duration":0.5987930000001143,"failureMessages":[],"meta":{}},{"ancestorTitles":["sanitizer - XSS Prevention","sanitizeText()"],"fullName":"sanitizer - XSS Prevention sanitizeText() should handle empty string","status":"passed","title":"should handle empty string","duration":0.422378000000208,"failureMessages":[],"meta":{}},{"ancestorTitles":["sanitizer - XSS Prevention","sanitizeText()"],"fullName":"sanitizer - XSS Prevention sanitizeText() should handle null/undefined","status":"passed","title":"should handle null/undefined","duration":0.319192999999359,"failureMessages":[],"meta":{}},{"ancestorTitles":["sanitizer - XSS Prevention","stripHTML()"],"fullName":"sanitizer - XSS Prevention stripHTML() should remove all HTML tags","status":"passed","title":"should remove all HTML tags","duration":2.2959499999997206,"failureMessages":[],"meta":{}},{"ancestorTitles":["sanitizer - XSS Prevention","stripHTML()"],"fullName":"sanitizer - XSS Prevention stripHTML() should remove script tags and content","status":"passed","title":"should remove script tags and content","duration":1.7120999999997366,"failureMessages":[],"meta":{}},{"ancestorTitles":["sanitizer - XSS Prevention","stripHTML()"],"fullName":"sanitizer - XSS Prevention stripHTML() should handle PR notes with malicious content","status":"passed","title":"should handle PR notes with malicious content","duration":1.8282319999998435,"failureMessages":[],"meta":{}},{"ancestorTitles":["sanitizer - XSS Prevention","stripHTML()"],"fullName":"sanitizer - XSS Prevention stripHTML() should handle complex nested HTML","status":"passed","title":"should handle complex nested HTML","duration":2.189527999999882,"failureMessages":[],"meta":{}},{"ancestorTitles":["sanitizer - XSS Prevention","stripHTML()"],"fullName":"sanitizer - XSS Prevention stripHTML() should handle empty input","status":"passed","title":"should handle empty input","duration":0.32670599999983096,"failureMessages":[],"meta":{}},{"ancestorTitles":["sanitizer - XSS Prevention","escapeHTML()"],"fullName":"sanitizer - XSS Prevention escapeHTML() should escape all dangerous characters","status":"passed","title":"should escape all dangerous characters","duration":0.42240600000059203,"failureMessages":[],"meta":{}},{"ancestorTitles":["sanitizer - XSS Prevention","escapeHTML()"],"fullName":"sanitizer - XSS Prevention escapeHTML() should escape ampersands","status":"passed","title":"should escape ampersands","duration":0.44397099999969214,"failureMessages":[],"meta":{}},{"ancestorTitles":["sanitizer - XSS Prevention","escapeHTML()"],"fullName":"sanitizer - XSS Prevention escapeHTML() should escape quotes","status":"passed","title":"should escape quotes","duration":0.3016269999998258,"failureMessages":[],"meta":{}},{"ancestorTitles":["sanitizer - XSS Prevention","escapeHTML()"],"fullName":"sanitizer - XSS Prevention escapeHTML() should escape single quotes","status":"passed","title":"should escape single quotes","duration":0.2899669999997059,"failureMessages":[],"meta":{}},{"ancestorTitles":["sanitizer - XSS Prevention","escapeHTML()"],"fullName":"sanitizer - XSS Prevention escapeHTML() should handle multiple special characters","status":"passed","title":"should handle multiple special characters","duration":0.25257799999963026,"failureMessages":[],"meta":{}},{"ancestorTitles":["sanitizer - XSS Prevention","escapeHTML()"],"fullName":"sanitizer - XSS Prevention escapeHTML() should handle empty input","status":"passed","title":"should handle empty input","duration":0.2777959999993982,"failureMessages":[],"meta":{}},{"ancestorTitles":["sanitizer - XSS Prevention","Real-world XSS attack scenarios"],"fullName":"sanitizer - XSS Prevention Real-world XSS attack scenarios should prevent PR note XSS via script injection","status":"passed","title":"should prevent PR note XSS via script injection","duration":1.5836570000001302,"failureMessages":[],"meta":{}},{"ancestorTitles":["sanitizer - XSS Prevention","Real-world XSS attack scenarios"],"fullName":"sanitizer - XSS Prevention Real-world XSS attack scenarios should prevent PR note XSS via img onerror","status":"passed","title":"should prevent PR note XSS via img onerror","duration":1.6598469999998997,"failureMessages":[],"meta":{}},{"ancestorTitles":["sanitizer - XSS Prevention","Real-world XSS attack scenarios"],"fullName":"sanitizer - XSS Prevention Real-world XSS attack scenarios should prevent PR note XSS via style tag","status":"passed","title":"should prevent PR note XSS via style tag","duration":1.7395749999996042,"failureMessages":[],"meta":{}},{"ancestorTitles":["sanitizer - XSS Prevention","Real-world XSS attack scenarios"],"fullName":"sanitizer - XSS Prevention Real-world XSS attack scenarios should prevent data exfiltration via SVG","status":"passed","title":"should prevent data exfiltration via SVG","duration":1.4937989999998535,"failureMessages":[],"meta":{}},{"ancestorTitles":["sanitizer - XSS Prevention","Real-world XSS attack scenarios"],"fullName":"sanitizer - XSS Prevention Real-world XSS attack scenarios should handle encoded script tags","status":"passed","title":"should handle encoded script tags","duration":0.39011200000004465,"failureMessages":[],"meta":{}},{"ancestorTitles":["sanitizer - XSS Prevention","Real-world XSS attack scenarios"],"fullName":"sanitizer - XSS Prevention Real-world XSS attack scenarios should prevent HTML injection in display names","status":"passed","title":"should prevent HTML injection in display names","duration":0.3345130000006975,"failureMessages":[],"meta":{}},{"ancestorTitles":["sanitizer - XSS Prevention","Real-world XSS attack scenarios"],"fullName":"sanitizer - XSS Prevention Real-world XSS attack scenarios should sanitize result values that might contain HTML","status":"passed","title":"should sanitize result values that might contain HTML","duration":1.3103339999997843,"failureMessages":[],"meta":{}},{"ancestorTitles":["sanitizer - XSS Prevention","Performance and edge cases"],"fullName":"sanitizer - XSS Prevention Performance and edge cases should handle very long strings","status":"passed","title":"should handle very long strings","duration":7.06251599999996,"failureMessages":[],"meta":{}},{"ancestorTitles":["sanitizer - XSS Prevention","Performance and edge cases"],"fullName":"sanitizer - XSS Prevention Performance and edge cases should handle deeply nested HTML","status":"passed","title":"should handle deeply nested HTML","duration":101.09792500000003,"failureMessages":[],"meta":{}},{"ancestorTitles":["sanitizer - XSS Prevention","Performance and edge cases"],"fullName":"sanitizer - XSS Prevention Performance and edge cases should handle special unicode characters","status":"passed","title":"should handle special unicode characters","duration":9.29325400000016,"failureMessages":[],"meta":{}},{"ancestorTitles":["sanitizer - XSS Prevention","Performance and edge cases"],"fullName":"sanitizer - XSS Prevention Performance and edge cases should handle CRLF injection attempts","status":"passed","title":"should handle CRLF injection attempts","duration":1.4040830000003552,"failureMessages":[],"meta":{}},{"ancestorTitles":["sanitizer - XSS Prevention","Performance and edge cases"],"fullName":"sanitizer - XSS Prevention Performance and edge cases should handle null byte injection","status":"passed","title":"should handle null byte injection","duration":1.2222919999994701,"failureMessages":[],"meta":{}}],"startTime":1763467532949,"endTime":1763467533129.2224,"status":"passed","message":"","name":"/home/user/pace-calculator/tests/unit/sanitizer.test.js"},{"assertionResults":[{"ancestorTitles":["Settings Modals and UI Interactions","Settings Modal"],"fullName":"Settings Modals and UI Interactions Settings Modal should open settings modal","status":"passed","title":"should open settings modal","duration":175.31146499999977,"failureMessages":[],"meta":{}},{"ancestorTitles":["Settings Modals and UI Interactions","Settings Modal"],"fullName":"Settings Modals and UI Interactions Settings Modal should close settings modal","status":"passed","title":"should close settings modal","duration":21.93081499999971,"failureMessages":[],"meta":{}},{"ancestorTitles":["Settings Modals and UI Interactions","Settings Modal"],"fullName":"Settings Modals and UI Interactions Settings Modal should close settings modal on Escape key","status":"passed","title":"should close settings modal on Escape key","duration":18.925226000000293,"failureMessages":[],"meta":{}},{"ancestorTitles":["Settings Modals and UI Interactions","Settings Modal"],"fullName":"Settings Modals and UI Interactions Settings Modal should close settings modal on backdrop click","status":"passed","title":"should close settings modal on backdrop click","duration":20.232167000000118,"failureMessages":[],"meta":{}},{"ancestorTitles":["Settings Modals and UI Interactions","Menu Functionality"],"fullName":"Settings Modals and UI Interactions Menu Functionality should toggle menu open and close","status":"passed","title":"should toggle menu open and close","duration":8.807004999999663,"failureMessages":[],"meta":{}},{"ancestorTitles":["Settings Modals and UI Interactions","Menu Functionality"],"fullName":"Settings Modals and UI Interactions Menu Functionality should close menu on Escape key","status":"passed","title":"should close menu on Escape key","duration":7.9641770000007455,"failureMessages":[],"meta":{}},{"ancestorTitles":["Settings Modals and UI Interactions","Menu Functionality"],"fullName":"Settings Modals and UI Interactions Menu Functionality should close menu when clicking outside","status":"passed","title":"should close menu when clicking outside","duration":8.882774000000609,"failureMessages":[],"meta":{}},{"ancestorTitles":["Settings Modals and UI Interactions","Help Modal"],"fullName":"Settings Modals and UI Interactions Help Modal should open help modal","status":"passed","title":"should open help modal","duration":8.449266999999963,"failureMessages":[],"meta":{}},{"ancestorTitles":["Settings Modals and UI Interactions","Help Modal"],"fullName":"Settings Modals and UI Interactions Help Modal should close help modal","status":"passed","title":"should close help modal","duration":14.915380000000368,"failureMessages":[],"meta":{}},{"ancestorTitles":["Settings Modals and UI Interactions","Help Modal"],"fullName":"Settings Modals and UI Interactions Help Modal should close help modal on Escape key","status":"passed","title":"should close help modal on Escape key","duration":8.774301000000378,"failureMessages":[],"meta":{}},{"ancestorTitles":["Settings Modals and UI Interactions","Help Modal"],"f
[...]
ge Cases"],"fullName":"UI Module Extended Coverage Validation Edge Cases should handle zero time input","status":"passed","title":"should handle zero time input","duration":409.1375790000002,"failureMessages":[],"meta":{}},{"ancestorTitles":["UI Module Extended Coverage","Validation Edge Cases"],"fullName":"UI Module Extended Coverage Validation Edge Cases should handle zero pace input","status":"passed","title":"should handle zero pace input","duration":406.871486,"failureMessages":[],"meta":{}},{"ancestorTitles":["UI Module Extended Coverage","Tab State Management Extended"],"fullName":"UI Module Extended Coverage Tab State Management Extended should initialize tab states on tab switch","status":"passed","title":"should initialize tab states on tab switch","duration":111.26547399999981,"failureMessages":[],"meta":{}},{"ancestorTitles":["UI Module Extended Coverage","Tab State Management Extended"],"fullName":"UI Module Extended Coverage Tab State Management Extended should restore validation states when switching back to tab","status":"passed","title":"should restore validation states when switching back to tab","duration":213.62216400000034,"failureMessages":[],"meta":{}},{"ancestorTitles":["UI Module Extended Coverage","Tab State Management Extended"],"fullName":"UI Module Extended Coverage Tab State Management Extended should save preset selection when switching tabs","status":"passed","title":"should save preset selection when switching tabs","duration":109.32046699999955,"failureMessages":[],"meta":{}},{"ancestorTitles":["UI Module Extended Coverage","Tab State Management Extended"],"fullName":"UI Module Extended Coverage Tab State Management Extended should clear result when clearing tab with matching result type","status":"passed","title":"should clear result when clearing tab with matching result type","duration":109.89865099999952,"failureMessages":[],"meta":{}},{"ancestorTitles":["UI Module Extended Coverage","Tab State Management Extended"],"fullName":"UI Module Extended Coverage Tab State Management Extended should not clear result when clearing tab with different result type","status":"passed","title":"should not clear result when clearing tab with different result type","duration":108.1385250000003,"failureMessages":[],"meta":{}},{"ancestorTitles":["UI Module Extended Coverage","Tab State Management Extended"],"fullName":"UI Module Extended Coverage Tab State Management Extended should clear all segmented inputs for distance tab","status":"passed","title":"should clear all segmented inputs for distance tab","duration":109.08428000000094,"failureMessages":[],"meta":{}},{"ancestorTitles":["UI Module Extended Coverage","Result Display Edge Cases"],"fullName":"UI Module Extended Coverage Result Display Edge Cases should update result for miles unit","status":"passed","title":"should update result for miles unit","duration":6.510190999999395,"failureMessages":[],"meta":{}},{"ancestorTitles":["UI Module Extended Coverage","Result Display Edge Cases"],"fullName":"UI Module Extended Coverage Result Display Edge Cases should update result for distance calculation in miles","status":"passed","title":"should update result for distance calculation in miles","duration":5.110603000000992,"failureMessages":[],"meta":{}},{"ancestorTitles":["UI Module Extended Coverage","Result Display Edge Cases"],"fullName":"UI Module Extended Coverage Result Display Edge Cases should show PR comparison in result display","status":"passed","title":"should show PR comparison in result display","duration":405.69017899999926,"failureMessages":[],"meta":{}},{"ancestorTitles":["UI Module Extended Coverage","Result Display Edge Cases"],"fullName":"UI Module Extended Coverage Result Display Edge Cases should show slower PR comparison","status":"passed","title":"should show slower PR comparison","duration":407.77990000000136,"failureMessages":[],"meta":{}},{"ancestorTitles":["UI Module Extended Coverage","Mobile Device Detection"],"fullName":"UI Module Extended Coverage Mobile Device Detection should detect mobile with touch and mobile user agent","status":"passed","title":"should detect mobile with touch and mobile user agent","duration":3.77552199999991,"failureMessages":[],"meta":{}},{"ancestorTitles":["UI Module Extended Coverage","Mobile Device Detection"],"fullName":"UI Module Extended Coverage Mobile Device Detection should not detect desktop as mobile","status":"passed","title":"should not detect desktop as mobile","duration":4.207214000000022,"failureMessages":[],"meta":{}},{"ancestorTitles":["UI Module Extended Coverage","Unit Conversion"],"fullName":"UI Module Extended Coverage Unit Conversion should update hints for miles unit","status":"passed","title":"should update hints for miles unit","duration":7.432358000000022,"failureMessages":[],"meta":{}},{"ancestorTitles":["UI Module Extended Coverage","Unit Conversion"],"fullName":"UI Module Extended Coverage Unit Conversion should update hints for km unit","status":"passed","title":"should update hints for km unit","duration":5.131545000000187,"failureMessages":[],"meta":{}}],"startTime":1763467533011,"endTime":1763467539559.1316,"status":"passed","message":"","name":"/home/user/pace-calculator/tests/unit/ui-extended.test.js"},{"assertionResults":[{"ancestorTitles":["UI Module - Race Splits and Scrolling","Race Splits Generation"],"fullName":"UI Module - Race Splits and Scrolling Race Splits Generation should generate splits for pace calculation with full km distance","status":"passed","title":"should generate splits for pace calculation with full km distance","duration":528.1623369999998,"failureMessages":[],"meta":{}},{"ancestorTitles":["UI Module - Race Splits and Scrolling","Race Splits Generation"],"fullName":"UI Module - Race Splits and Scrolling Race Splits Generation should generate splits for time calculation","status":"passed","title":"should generate splits for time calculation","duration":413.6762180000005,"failureMessages":[],"meta":{}},{"ancestorTitles":["UI Module - Race Splits and Scrolling","Race Splits Generation"],"fullName":"UI Module - Race Splits and Scrolling Race Splits Generation should generate splits for distance calculation","status":"passed","title":"should generate splits for distance calculation","duration":411.8894620000001,"failureMessages":[],"meta":{}},{"ancestorTitles":["UI Module - Race Splits and Scrolling","Race Splits Generation"],"fullName":"UI Module - Race Splits and Scrolling Race Splits Generation should generate splits with fractional distance","status":"passed","title":"should generate splits with fractional distance","duration":409.40025499999956,"failureMessages":[],"meta":{}},{"ancestorTitles":["UI Module - Race Splits and Scrolling","Race Splits Generation"],"fullName":"UI Module - Race Splits and Scrolling Race Splits Generation should not generate splits for very short distances","status":"passed","title":"should not generate splits for very short distances","duration":409.5373930000005,"failureMessages":[],"meta":{}},{"ancestorTitles":["UI Module - Race Splits and Scrolling","Race Splits Generation"],"fullName":"UI Module - Race Splits and Scrolling Race Splits Generation should generate splits in miles unit","status":"passed","title":"should generate splits in miles unit","duration":410.9178730000003,"failureMessages":[],"meta":{}},{"ancestorTitles":["UI Module - Race Splits and Scrolling","Race Splits Generation"],"fullName":"UI Module - Race Splits and Scrolling Race Splits Generation should not include finish split for tiny remainder","status":"passed","title":"should not include finish split for tiny remainder","duration":408.391665000001,"failureMessages":[],"meta":{}},{"ancestorTitles":["UI Module - Race Splits and Scrolling","Splits Accordion Interaction"],"fullName":"UI Module - Race Splits and Scrolling Splits Accordion Interaction should toggle splits accordion open and closed","status":"passed","title":"should toggle splits accordion open and closed","duration":1012.9008950000007,"failureMessages":[],"meta":{}},{"ancestorTitles":["UI Module - Race Splits and Scrolling","Splits Accordion Interaction"],"fullName":"UI Module - Race Splits and Scrolling Splits Accordion Interaction should auto-scroll when splits expanded and content is cut off","status":"passed","title":"should auto-scroll when splits expanded and content is cut off","duration":911.6483619999999,"failureMessages":[],"meta":{}},{"ancestorTitles":["UI Module - Race Splits and Scrolling","Splits Accordion Interaction"],"fullName":"UI Module - Race Splits and Scrolling Splits Accordion Interaction should not scroll when splits content is already visible","status":"passed","title":"should not scroll when splits content is already visible","duration":912.0998820000004,"failureMessages":[],"meta":{}},{"ancestorTitles":["UI Module - Race Splits and Scrolling","Result Scrolling Behavior"],"fullName":"UI Module - Race Splits and Scrolling Result Scrolling Behavior should handle scrolling for result visibility","status":"passed","title":"should handle scrolling for result visibility","duration":508.62067800000113,"failureMessages":[],"meta":{}},{"ancestorTitles":["UI Module - Race Splits and Scrolling","Result Scrolling Behavior"],"fullName":"UI Module - Race Splits and Scrolling Result Scrolling Behavior should not scroll when results are already visible","status":"passed","title":"should not scroll when results are already visible","duration":509.77576600000066,"failureMessages":[],"meta":{}},{"ancestorTitles":["UI Module - Race Splits and Scrolling","Result Scrolling Behavior"],"fullName":"UI Module - Race Splits and Scrolling Result Scrolling Behavior should not scroll when result div is hidden","status":"passed","title":"should not scroll when result div is hidden","duration":106.74819799999932,"failureMessages":[],"meta":{}},{"ancestorTitles":["UI Module - Race Splits and Scrolling","Animation and Timing"],"fullName":"UI Module - Race Splits and Scrolling Animation and Timing should animate copy success with icon transitions","status":"passed","title":"should animate copy success with icon transitions","duration":10.9241320000001,"failureMessages":[],"meta":{}},{"ancestorTitles":["UI Module - Race Splits and Scrolling","Animation and Timing"],"fullName":"UI Module - Race Splits and Scrolling Animation and Timing should show loading and then hide after calculation","status":"passed","title":"should show loading and then hide after calculation","duration":456.831956,"failureMessages":[],"meta":{}},{"ancestorTitles":["UI Module - Race Splits and Scrolling","Error State Handling"],"fullName":"UI Module - Race Splits and Scrolling Error State Handling should show error result for invalid inputs","status":"passed","title":"should show error result for invalid inputs","duration":407.7191760000005,"failureMessages":[],"meta":{}},{"ancestorTitles":["UI Module - Race Splits and Scrolling","Error State Handling"],"fullName":"UI Module - Race Splits and Scrolling Error State Handling should show error for distance tab with invalid time","status":"passed","title":"should show error for distance tab with invalid time","duration":406.44328099999984,"failureMessages":[],"meta":{}},{"ancestorTitles":["UI Module - Race Splits and Scrolling","Error State Handling"],"fullName":"UI Module - Race Splits and Scrolling Error State Handling should show error for distance tab with invalid pace","status":"passed","title":"should show error for distance tab with invalid pace","duration":407.3831620000001,"failureMessages":[],"meta":{}},{"ancestorTitles":["UI Module - Race Splits and Scrolling","Tab Initialization"],"fullName":"UI Module - Race Splits and Scrolling Tab Initialization should handle tab click with missing section gracefully","status":"passed","title":"should handle tab click with missing section gracefully","duration":121.9204750000008,"failureMessages":[],"meta":{}}],"startTime":1763467532998,"endTime":1763467541763.9204,"status":"passed","message":"","name":"/home/user/pace-calculator/tests/unit/ui-splits-scrolling.test.js"},{"assertionResults":[{"ancestorTitles":["UI Module","Input Validation Helpers"],"fullName":"UI Module Input Validation Helpers should validate segmented time input correctly","status":"passed","title":"should validate segmented time input correctly","duration":125.55567499999961,"failureMessages":[],"meta":{}},{"ancestorTitles":["UI Module","Input Validation Helpers"],"fullName":"UI Module Input Validation Helpers should validate segmented pace input correctly","status":"passed","title":"should validate segmented pace input correctly","duration":13.625968000000285,"failureMessages":[],"meta":{}},{"ancestorTitles":["UI Module","Device Detection"],"fullName":"UI Module Device Detection should detect non-mobile devices","status":"passed","title":"should detect non-mobile devices","duration":9.14972300000045,"failureMessages":[],"meta":{}},{"ancestorTitles":["UI Module","Device Detection"],"fullName":"UI Module Device Detection should detect mobile devices","status":"passed","title":"should detect mobile devices","duration":8.450117999999748,"failureMessages":[],"meta":{}},{"ancestorTitles":["UI Module","Result Display"],"fullName":"UI Module Result Display should update hint texts for km","status":"passed","title":"should update hint texts for km","duration":10.838641999999709,"failureMessages":[],"meta":{}},{"ancestorTitles":["UI Module","Result Display"],"fullName":"UI Module Result Display should update hint texts for miles","status":"passed","title":"should update hint texts for miles","duration":6.500793000000158,"failureMessages":[],"meta":{}},{"ancestorTitles":["UI Module","Autocomplete"],"fullName":"UI Module Autocomplete should populate autocomplete suggestions","status":"passed","title":"should populate autocomplete suggestions","duration":10.108393999999862,"failureMessages":[],"meta":{}},{"ancestorTitles":["UI Module","Preset Selection"],"fullName":"UI Module Preset Selection should populate preset selects","status":"passed","title":"should populate preset selects","duration":12.00894900000003,"failureMessages":[],"meta":{}},{"ancestorTitles":["UI Module","Result Updates"],"fullName":"UI Module Result Updates should update calculated result for pace calculation","status":"passed","title":"should update calculated result for pace calculation","duration":10.86070699999982,"failureMessages":[],"meta":{}},{"ancestorTitles":["UI Module","Result Updates"],"fullName":"UI Module Result Updates should update calculated result for time calculation","status":"passed","title":"should update calculated result for time calculation","duration":8.61320700000033,"failureMessages":[],"meta":{}},{"ancestorTitles":["UI Module","Result Updates"],"fullName":"UI Module Result Updates should update calculated result for distance calculation","status":"passed","title":"should update calculated result for distance calculation","duration":7.055988999999499,"failureMessages":[],"meta":{}},{"ancestorTitles":["UI Module","Result Updates"],"fullName":"UI Module Result Updates should not update result if result is hidden","status":"passed","title":"should not update result if result is hidden","duration":5.327095000000554,"failureMessages":[],"meta":{}},{"ancestorTitles":["UI Module","Clipboard Operations"],"fullName":"UI Module Clipboard Operations should handle clipboard write success","status":"passed","title":"should handle clipboard write success","duration":111.93143300000065,"failureMessages":[],"meta":{}},{"ancestorTitles":["UI Module","Clipboard Operations"],"fullName":"UI Module Clipboard Operations should handle clipboard write failure with fallback","status":"passed","title":"should handle clipboard write failure with fallback","duration":109.78794199999993,"failureMessages":[],"meta":{}},{"ancestorTitles":["UI Module","Form Submission"],"fullName":"UI Module Form Submission should calculate pace on form submit","status":"passed","title":"should calculate pace on form submit","duration":409.0258610000001,"failureMessages":[],"meta":{}},{"ancestorTitles":["UI Module","Form Submission"],"fullName":"UI Module Form Submission should calculate time on form submit","status":"passed","title":"should calculate time on form submit","duration":408.8857969999999,"failureMessages":[],"meta":{}},{"ancestorTitles":["UI Module","Form Submission"],"fullName":"UI Module Form Submission should calculate distance on form submit","status":"passed","title":"should calculate distance on form submit","duration":409.5779389999998,"failureMessages":[],"meta":{}},{"ancestorTitles":["UI Module","Form Submission"],"fullName":"UI Module Form Submission should handle form submission errors","status":"passed","title":"should handle form submission errors","duration":407.508108,"failureMessages":[],"meta":{}},{"ancestorTitles":["UI Module","Keyboard Navigation"],"fullName":"UI Module Keyboard Navigation should switch tabs with Ctrl+1/2/3","status":"passed","title":"should switch tabs with Ctrl+1/2/3","duration":113.60204799999974,"failureMessages":[],"meta":{}},{"ancestorTitles":["UI Module","Keyboard Navigation"],"fullName":"UI Module Keyboard Navigation should handle Enter key on inputs","status":"passed","title":"should handle Enter key on inputs","duration":110.40841700000055,"failureMessages":[],"meta":{}},{"ancestorTitles":["UI Module","Tab State Management"],"fullName":"UI Module Tab State Management should save and restore tab states","status":"passed","title":"should save and restore tab states","duration":213.83905999999934,"failureMessages":[],"meta":{}},{"ancestorTitles":["UI Module","Clear Function"],"fullName":"UI Module Clear Function should clear current tab inputs","status":"passed","title":"should clear current tab inputs","duration":110.61511399999927,"failureMessages":[],"meta":{}},{"ancestorTitles":["UI Module","Clear Function"],"fullName":"UI Module Clear Function should clear errors when clearing tab","status":"passed","title":"should clear errors when clearing tab","duration":108.84382399999959,"failureMessages":[],"meta":{}},{"ancestorTitles":["UI Module","PR Button Visibility"],"fullName":"UI Module PR Button Visibility should show save PR button for pace calculations without existing PR","status":"passed","title":"should show save PR button for pace calculations without existing PR","duration":109.49184099999911,"failureMessages":[],"meta":{}},{"ancestorTitles":["UI Module","PR Button Visibility"],"fullName":"UI Module PR Button Visibility should hide PR buttons for non-pace calculations","status":"passed","title":"should hide PR buttons for non-pace calculations","duration":5.462008999998943,"failureMessages":[],"meta":{}},{"ancestorTitles":["UI Module","Loading State"],"fullName":"UI Module Loading State should show loading during calculation","status":"passed","title":"should show loading during calculation","duration":55.761130000000776,"failureMessages":[],"meta":{}},{"ancestorTitles":["UI Module","Input Reset on Manual Change"],"fullName":"UI Module Input Reset on Manual Change should reset preset dropdown when distance is manually changed","status":"passed","title":"should reset preset dropdown when distance is manually changed","duration":107.7633480000004,"failureMessages":[],"meta":{}},{"ancestorTitles":["UI Module","Segmented Input Validation"],"fullName":"UI Module Segmented Input Validation should validate time inputs on blur","status":"passed","title":"should validate time inputs on blur","duration":107.32054600000083,"failureMessages":[],"meta":{}},{"ancestorTitles":["UI Module","Segmented Input Validation"],"fullName":"UI Module Segmented Input Validation should clear errors on input","status":"passed","title":"should clear errors on input","duration":106.53745799999888,"failureMessages":[],"meta":{}}],"startTime":1763467533000,"endTime":1763467536236.5374,"status":"passed","message":"","name":"/home/user/pace-calculator/tests/unit/ui.test.js"}]}