{"numTotalTestSuites":184,"numPassedTestSuites":176,"numFailedTestSuites":8,"numPendingTestSuites":0,"numTotalTests":506,"numPassedTests":498,"numFailedTests":8,"numPendingTests":0,"numTodoTests":0,"snapshot":{"added":0,"failure":false,"filesAdded":0,"filesRemoved":0,"filesRemovedList":[],"filesUnmatched":0,"filesUpdated":0,"matched":0,"total":0,"unchecked":0,"uncheckedKeysByFile":[],"unmatched":0,"updated":0,"didUpdate":false},"startTime":1763463746633,"success":false,"testResults":[{"assertionResults":[{"ancestorTitles":["Auto-Advance Functionality","Auto-Advance Initialization"],"fullName":"Auto-Advance Functionality Auto-Advance Initialization should initialize without errors","status":"passed","title":"should initialize without errors","duration":23.099623999999494,"failureMessages":[],"meta":{}},{"ancestorTitles":["Auto-Advance Functionality","Auto-Advance Initialization"],"fullName":"Auto-Advance Functionality Auto-Advance Initialization should find and setup all input groups","status":"passed","title":"should find and setup all input groups","duration":6.776824999999917,"failureMessages":[],"meta":{}},{"ancestorTitles":["Auto-Advance Functionality","Auto-Advance Initialization"],"fullName":"Auto-Advance Functionality Auto-Advance Initialization should handle reinitialize correctly","status":"passed","title":"should handle reinitialize correctly","duration":6.278846000000158,"failureMessages":[],"meta":{}},{"ancestorTitles":["Auto-Advance Functionality","Numeric Input Validation"],"fullName":"Auto-Advance Functionality Numeric Input Validation should enforce max length (2 characters)","status":"passed","title":"should enforce max length (2 characters)","duration":7.912108000000444,"failureMessages":[],"meta":{}},{"ancestorTitles":["Auto-Advance Functionality","Numeric Input Validation"],"fullName":"Auto-Advance Functionality Numeric Input Validation should validate max values for minutes (59)","status":"passed","title":"should validate max values for minutes (59)","duration":4.37231200000042,"failureMessages":[],"meta":{}},{"ancestorTitles":["Auto-Advance Functionality","Numeric Input Validation"],"fullName":"Auto-Advance Functionality Numeric Input Validation should validate max values for seconds (59)","status":"passed","title":"should validate max values for seconds (59)","duration":8.171924999999646,"failureMessages":[],"meta":{}},{"ancestorTitles":["Auto-Advance Functionality","Numeric Input Validation"],"fullName":"Auto-Advance Functionality Numeric Input Validation should validate max values for hours (23)","status":"passed","title":"should validate max values for hours (23)","duration":3.340806999999586,"failureMessages":[],"meta":{}},{"ancestorTitles":["Auto-Advance Functionality","Auto-Advance Behavior"],"fullName":"Auto-Advance Functionality Auto-Advance Behavior should advance from hours to minutes when hours field is complete","status":"passed","title":"should advance from hours to minutes when hours field is complete","duration":5.493972000000213,"failureMessages":[],"meta":{}},{"ancestorTitles":["Auto-Advance Functionality","Auto-Advance Behavior"],"fullName":"Auto-Advance Functionality Auto-Advance Behavior should advance from minutes to seconds when minutes field is complete","status":"passed","title":"should advance from minutes to seconds when minutes field is complete","duration":4.03834199999983,"failureMessages":[],"meta":{}},{"ancestorTitles":["Auto-Advance Functionality","Auto-Advance Behavior"],"fullName":"Auto-Advance Functionality Auto-Advance Behavior should not advance from last field (seconds)","status":"passed","title":"should not advance from last field (seconds)","duration":11.982194000000163,"failureMessages":[],"meta":{}},{"ancestorTitles":["Auto-Advance Functionality","Auto-Advance Behavior"],"fullName":"Auto-Advance Functionality Auto-Advance Behavior should handle overflow values correctly","status":"passed","title":"should handle overflow values correctly","duration":3.166971000000558,"failureMessages":[],"meta":{}},{"ancestorTitles":["Auto-Advance Functionality","Backspace Navigation"],"fullName":"Auto-Advance Functionality Backspace Navigation should move to previous field on backspace when current field is empty","status":"passed","title":"should move to previous field on backspace when current field is empty","duration":4.5254439999998795,"failureMessages":[],"meta":{}},{"ancestorTitles":["Auto-Advance Functionality","Backspace Navigation"],"fullName":"Auto-Advance Functionality Backspace Navigation should not move to previous field if current field has value","status":"passed","title":"should not move to previous field if current field has value","duration":3.0588410000000295,"failureMessages":[],"meta":{}},{"ancestorTitles":["Auto-Advance Functionality","Backspace Navigation"],"fullName":"Auto-Advance Functionality Backspace Navigation should not move from first field when backspace is pressed","status":"passed","title":"should not move from first field when backspace is pressed","duration":2.973221000000194,"failureMessages":[],"meta":{}},{"ancestorTitles":["Auto-Advance Functionality","Paste Functionality"],"fullName":"Auto-Advance Functionality Paste Functionality should handle pasted numeric string distribution","status":"passed","title":"should handle pasted numeric string distribution","duration":4.909976999999344,"failureMessages":[],"meta":{}},{"ancestorTitles":["Auto-Advance Functionality","Paste Functionality"],"fullName":"Auto-Advance Functionality Paste Functionality should handle short pasted values in current field only","status":"passed","title":"should handle short pasted values in current field only","duration":3.4033879999997225,"failureMessages":[],"meta":{}},{"ancestorTitles":["Auto-Advance Functionality","Focus Selection"],"fullName":"Auto-Advance Functionality Focus Selection should select all text on focus","status":"passed","title":"should select all text on focus","duration":3.5345460000007733,"failureMessages":[],"meta":{}},{"ancestorTitles":["Auto-Advance Functionality","Mixed Input Groups"],"fullName":"Auto-Advance Functionality Mixed Input Groups should handle MM:SS format inputs correctly","status":"passed","title":"should handle MM:SS format inputs correctly","duration":3.4179979999998977,"failureMessages":[],"meta":{}},{"ancestorTitles":["Auto-Advance Functionality","Mixed Input Groups"],"fullName":"Auto-Advance Functionality Mixed Input Groups should handle HH:MM:SS format inputs correctly","status":"passed","title":"should handle HH:MM:SS format inputs correctly","duration":4.041404999999941,"failureMessages":[],"meta":{}},{"ancestorTitles":["Auto-Advance Functionality","Edge Cases"],"fullName":"Auto-Advance Functionality Edge Cases should handle missing input elements gracefully","status":"passed","title":"should handle missing input elements gracefully","duration":3.358527999999751,"failureMessages":[],"meta":{}},{"ancestorTitles":["Auto-Advance Functionality","Edge Cases"],"fullName":"Auto-Advance Functionality Edge Cases should handle duplicate initialization calls","status":"passed","title":"should handle duplicate initialization calls","duration":2.6826690000007147,"failureMessages":[],"meta":{}},{"ancestorTitles":["Auto-Advance Functionality","Arrow Key / Spinner Behavior"],"fullName":"Auto-Advance Functionality Arrow Key / Spinner Behavior should NOT auto-advance when modifying an already-complete field","status":"passed","title":"should NOT auto-advance when modifying an already-complete field","duration":8.074005999999827,"failureMessages":[],"meta":{}},{"ancestorTitles":["Auto-Advance Functionality","Arrow Key / Spinner Behavior"],"fullName":"Auto-Advance Functionality Arrow Key / Spinner Behavior should auto-advance when completing a previously incomplete field","status":"passed","title":"should auto-advance when completing a previously incomplete field","duration":5.352565000000141,"failureMessages":[],"meta":{}},{"ancestorTitles":["Auto-Advance Functionality","Arrow Key / Spinner Behavior"],"fullName":"Auto-Advance Functionality Arrow Key / Spinner Behavior should NOT auto-advance when changing from \"59\" to \"58\" via down arrow","status":"passed","title":"should NOT auto-advance when changing from \"59\" to \"58\" via down arrow","duration":5.058524999999463,"failureMessages":[],"meta":{}},{"ancestorTitles":["Auto-Advance Functionality","Arrow Key / Spinner Behavior"],"fullName":"Auto-Advance Functionality Arrow Key / Spinner Behavior should auto-advance when typing from empty to complete field","status":"passed","title":"should auto-advance when typing from empty to complete field","duration":5.260098000000653,"failureMessages":[],"meta":{}},{"ancestorTitles":["Auto-Advance Functionality","Arrow Key / Spinner Behavior"],"fullName":"Auto-Advance Functionality Arrow Key / Spinner Behavior should handle rapid up arrow presses without auto-advancing","status":"passed","title":"should handle rapid up arrow presses without auto-advancing","duration":10.642346000000543,"failureMessages":[],"meta":{}}],"startTime":1763463753114,"endTime":1763463753270.6423,"status":"passed","message":"","name":"/home/user/pace-calculator/tests/unit/auto-advance.test.js"},{"assertionResults":[{"ancestorTitles":["Calculator Core Functions","parseTime","decimal format"],"fullName":"Calculator Core Functions parseTime decimal format should parse decimal minutes correctly","status":"passed","title":"should parse decimal minutes correctly","duration":4.159474999999929,"failureMessages":[],"meta":{}},{"ancestorTitles":["Calculator Core Functions","parseTime","decimal format"],"fullName":"Calculator Core Functions parseTime decimal format should handle integer format","status":"passed","title":"should handle integer format","duration":1.5176440000000184,"failureMessages":[],"meta":{}},{"ancestorTitles":["Calculator Core Functions","parseTime","decimal format"],"fullName":"Calculator Core Functions parseTime decimal format should round fractional seconds to nearest whole second","status":"passed","title":"should round fractional seconds to nearest whole second","duration":1.3113409999996293,"failureMessages":[],"meta":{}},{"ancestorTitles":["Calculator Core Functions","parseTime","colon format"],"fullName":"Calculator Core Functions parseTime colon format should parse MM:SS format","status":"passed","title":"should parse MM:SS format","duration":1.0281860000000052,"failureMessages":[],"meta":{}},{"ancestorTitles":["Calculator Core Functions","parseTime","colon format"],"fullName":"Calculator Core Functions parseTime colon format should parse H:MM:SS format","status":"passed","title":"should parse H:MM:SS format","duration":0.568637000000308,"failureMessages":[],"meta":{}},{"ancestorTitles":["Calculator Core Functions","parseTime","colon format"],"fullName":"Calculator Core Functions parseTime colon format should handle leading zeros","status":"passed","title":"should handle leading zeros","duration":0.5118099999999686,"failureMessages":[],"meta":{}},{"ancestorTitles":["Calculator Core Functions","parseTime","space format"],"fullName":"Calculator Core Functions parseTime space format should parse space-separated MM SS format","status":"passed","title":"should parse space-separated MM SS format","duration":0.4309170000001359,"failureMessages":[],"meta":{}},{"ancestorTitles":["Calculator Core Functions","parseTime","space format"],"fullName":"Calculator Core Functions parseTime space format should parse space-separated H MM SS format","status":"passed","title":"should parse space-separated H MM SS format","duration":0.43833700000004683,"failureMessages":[],"meta":{}},{"ancestorTitles":["Calculator Core Functions","parseTime","edge cases"],"fullName":"Calculator Core Functions parseTime edge cases should handle empty or invalid inputs","status":"passed","title":"should handle empty or invalid inputs","duration":0.6357129999996687,"failureMessages":[],"meta":{}},{"ancestorTitles":["Calculator Core Functions","parseTime","edge cases"],"fullName":"Calculator Core Functions parseTime edge cases should handle whitespace","status":"passed","title":"should handle whitespace","duration":0.4214560000000347,"failureMessages":[],"meta":{}},{"ancestorTitles":["Calculator Core Functions","parseTime","edge cases"],"fullName":"Calculator Core Functions parseTime edge cases should handle single number as minutes","status":"passed","title":"should handle single number as minutes","duration":0.3522570000000087,"failureMessages":[],"meta":{}},{"ancestorTitles":["Calculator Core Functions","validateTimeInput","valid inputs"],"fullName":"Calculator Core Functions validateTimeInput valid inputs should accept valid time formats","status":"passed","title":"should accept valid time formats","duration":1.1614040000004024,"failureMessages":[],"meta":{}},{"ancestorTitles":["Calculator Core Functions","validateTimeInput","invalid inputs"],"fullName":"Calculator Core Functions validateTimeInput invalid inputs should reject empty inputs","status":"passed","title":"should reject empty inputs","duration":0.3452119999997194,"failureMessages":[],"meta":{}},{"ancestorTitles":["Calculator Core Functions","validateTimeInput","invalid inputs"],"fullName":"Calculator Core Functions validateTimeInput invalid inputs should reject null/undefined inputs","status":"passed","title":"should reject null/undefined inputs","duration":0.26408100000026025,"failureMessages":[],"meta":{}},{"ancestorTitles":["Calculator Core Functions","validateTimeInput","invalid inputs"],"fullName":"Calculator Core Functions validateTimeInput invalid inputs should reject invalid formats","status":"passed","title":"should reject invalid formats","duration":0.4510499999996682,"failureMessages":[],"meta":{}},{"ancestorTitles":["Calculator Core Functions","validateTimeInput","invalid inputs"],"fullName":"Calculator Core Functions validateTimeInput invalid inputs should reject zero time","status":"passed","title":"should reject zero time","duration":0.2772509999999784,"failureMessages":[],"meta":{}},{"ancestorTitles":["Calculator Core Functions","validateTimeInput","invalid inputs"],"fullName":"Calculator Core Functions validateTimeInput invalid inputs should reject times exceeding 24 hours","status":"passed","title":"should reject times exceeding 24 hours","duration":0.2826509999999871,"failureMessages":[],"meta":{}},{"ancestorTitles":["Calculator Core Functions","validateTimeInput","boundary conditions"],"fullName":"Calculator Core Functions validateTimeInput boundary conditions should accept exactly 24 hours","status":"passed","title":"should accept exactly 24 hours","duration":0.33434200000010605,"failureMessages":[],"meta":{}},{"ancestorTitles":["Calculator Core Functions","validateTimeInput","boundary conditions"],"fullName":"Calculator Core Functions validateTimeInput boundary conditions should accept just under 24 hours","status":"passed","title":"should accept just under 24 hours","duration":0.27375800000027084,"failureMessages":[],"meta":{}},{"ancestorTitles":["Calculator Core Functions","validateDistanceInput","valid inputs"],"fullName":"Calculator Core Functions validateDistanceInput valid inputs should accept valid distances","status":"passed","title":"should accept valid distances","duration":0.6720609999997578,"failureMessages":[],"meta":{}},{"ancestorTitles":["Calculator Core Functions","validateDistanceInput","valid inputs"],"fullName":"Calculator Core Functions validateDistanceInput valid inputs should handle decimal inputs","status":"passed","title":"should handle decimal inputs","duration":0.4327469999998357,"failureMessages":[],"meta":{}},{"ancestorTitles":["Calculator Core Functions","validateDistanceInput","invalid inputs"],"fullName":"Calculator Core Functions validateDistanceInput invalid inputs should reject empty inputs","status":"passed","title":"should reject empty inputs","duration":0.35843500000009954,"failureMessages":[],"meta":{}},{"ancestorTitles":["Calculator Core Functions","validateDistanceInput","invalid inputs"],"fullName":"Calculator Core Functions validateDistanceInput invalid inputs should reject non-numeric inputs","status":"passed","title":"should reject non-numeric inputs","duration":0.2812269999999444,"failureMessages":[],"meta":{}},{"ancestorTitles":["Calculator Core Functions","validateDistanceInput","invalid inputs"],"fullName":"Calculator Core Functions validateDistanceInput invalid inputs should reject zero distance","status":"passed","title":"should reject zero distance","duration":0.2541169999999511,"failureMessages":[],"meta":{}},{"ancestorTitles":["Calculator Core Functions","validateDistanceInput","invalid inputs"],"fullName":"Calculator Core Functions validateDistanceInput invalid inputs should reject negative distances","status":"passed","title":"should reject negative distances","duration":0.2694259999998394,"failureMessages":[],"meta":{}},{"ancestorTitles":["Calculator Core Functions","validateDistanceInput","invalid inputs"],"fullName":"Calculator Core Functions validateDistanceInput invalid inputs should reject unreasonably large distances","status":"passed","title":"should reject unreasonably large distances","duration":0.2873530000001665,"failureMessages":[],"meta":{}},{"ancestorTitles":["Calculator Core Functions","validateDistanceInput","boundary conditions"],"fullName":"Calculator Core Functions validateDistanceInput boundary conditions should accept exactly 1000","status":"passed","title":"should accept exactly 1000","duration":0.26235899999983303,"failureMessages":[],"meta":{}},{"ancestorTitles":["Calculator Core Functions","validateDistanceInput","boundary conditions"],"fullName":"Calculator Core Functions validateDistanceInput boundary conditions should accept very small distances","status":"passed","title":"should accept very small distances","duration":0.3174810000000434,"failureMessages":[],"meta":{}},{"ancestorTitles":["Calculator Core Functions","formatTime","MM:SS format (default)"],"fullName":"Calculator Core Functions formatTime MM:SS format (default) should format times correctly","status":"passed","title":"should format times correctly","duration":0.4561220000000503,"failureMessages":[],"meta":{}},{"ancestorTitles":["Calculator Core Functions","formatTime","MM:SS format (default)"],"fullName":"Calculator Core Functions formatTime MM:SS format (default) should handle zero and negative values","status":"passed","title":"should handle zero and negative values","duration":0.27225399999997535,"failureMessages":[],"meta":{}},{"ancestorTitles":["Calculator Core Functions","formatTime","MM:SS format (default)"],"fullName":"Calculator Core Functions formatTime MM:SS format (default) should round to nearest second","status":"passed","title":"should round to nearest second","duration":0.29953100000011545,"failureMessages":[],"meta":{}},{"ancestorTitles":["Calculator Core Functions","formatTime","H:MM:SS format (includeHours=true)"],"fullName":"Calculator Core Functions formatTime H:MM:SS format (includeHours=true) should format times with hours when requested","status":"passed","title":"should format times with hours when requested","duration":0.462547000000086,"failureMessages":[],"meta":{}},{"ancestorTitles":["Calculator Core Functions","formatTime","H:MM:SS format (includeHours=true)"],"fullName":"Calculator Core Functions formatTime H:MM:SS format (includeHours=true) should include hours when requested even if zero","status":"passed","title":"should include hours when requested even if zero","duration":0.2955080000001544,"failureMessages":[],"meta":{}},{"ancestorTitles":["Calculator Core Functions","formatTime","edge cases"],"fullName":"Calculator Core Functions formatTime edge cases should handle NaN input","status":"passed","title":"should handle NaN input","duration":0.5469330000000809,"failureMessages":[],"meta":{}},{"ancestorTitles":["Calculator Core Functions","formatTime","edge cases"],"fullName":"Calculator Core Functions formatTime edge cases should handle very large times","status":"passed","title":"should handle very large times","duration":0.417243000000326,"failureMessages":[],"meta":{}},{"ancestorTitles":["Calculator Core Functions","calculatePace","kilometer calculations"],"fullName":"Calculator Core Functions calculatePace kilometer calculations should calculate pace per km correctly","status":"passed","title":"should calculate pace per km correctly","duration":0.6161550000001625,"failureMessages":[],"meta":{}},{"ancestorTitles":["Calculator Core Functions","calculatePace","kilometer calculations"],"fullName":"Calculator Core Functions calculatePace kilometer calculations should handle fractional distances","status":"passed","title":"should handle fractional distances","duration":0.4650970000002417,"failureMessages":[],"meta":{}},{"ancestorTitles":["Calculator Core Functions","calculatePace","mile calculations"],"fullName":"Calculator Core Functions calculatePace mile calculations should calculate pace per mile correctly","status":"passed","title":"should calculate pace per mile correctly","duration":0.5264740000002348,"failureMessages":[],"meta":{}},{"ancestorTitles":["Calculator Core Functions","calculatePace","precision and consistency"],"fullName":"Calculator Core Functions calculatePace precision and consistency should maintain precision across unit conversions","status":"passed","title":"should maintain precision across unit conversions","duration":0.5191630000003897,"failureMessages":[],"meta":{}},{"ancestorTitles":["Calculator Core Functions","calculatePace","precision and consistency"],"fullName":"Calculator Core Functions calculatePace precision and consistency should handle zero distance","status":"passed","title":"should handle zero distance","duration":0.5117050000003474,"failureMessages":[],"meta":{}},{"ancestorTitles":["Calculator Core Functions","calculatePace","real-world scenarios"],"fullName":"Calculator Core Functions calculatePace real-world scenarios should calculate marathon pace correctly","status":"passed","title":"should calculate marathon pace correctly","duration":0.4612889999998515,"failureMessages":[],"meta":{}},{"ancestorTitles":["Calculator Core Functions","calculatePace","real-world scenarios"],"fullName":"Calculator Core Functions calculatePace real-world scenarios should calculate 5K race pace correctly","status":"passed","title":"should calculate 5K race pace correctly","duration":0.5174660000002405,"failureMessages":[],"meta":{}},{"ancestorTitles":["Calculator Core Functions","calculateTime","basic calculations"],"fullName":"Calculator Core Functions calculateTime basic calculations should calculate total time correctly","status":"passed","title":"should calculate total time correctly","duration":0.5282130000000507,"failureMessages":[],"meta":{}},{"ancestorTitles":["Calculator Core Functions","calculateTime","basic calculations"],"fullName":"Calculator Core Functions calculateTime basic calculations should handle different pace and distance units","status":"passed","title":"should handle different pace and distance units","duration":0.4855290000000423,"failureMessages":[],"meta":{}},{"ancestorTitles":["Calculator Core Functions","calculateTime","unit conversion scenarios"],"fullName":"Calculator Core Functions calculateTime unit conversion scenarios should convert km pace to mile distance","status":"passed","title":"should convert km pace to mile distance","duration":0.498243999999886,"failureMessages":[],"meta":{}},{"ancestorTitles":["Calculator Core Functions","calculateTime","unit conversion scenarios"],"fullName":"Calculator Core Functions calculateTime unit conversion scenarios should convert mile pace to km distance","status":"passed","title":"should convert mile pace to km distance","duration":0.4868970000002264,"failureMessages":[],"meta":{}},{"ancestorTitles":["Calculator Core Functions","calculateTime","precision verification"],"fullName":"Calculator Core Functions calculateTime precision verification should maintain calculation consistency","status":"passed","title":"should maintain calculation consistency","duration":0.543315999999777,"failureMessages":[],"meta":{}},{"ancestorTitles":["Calculator Core Functions","calculateDistance","basic calculations"],"fullName":"Calculator Core Functions calculateDistance basic calculations should calculate distance correctly","status":"passed","title":"should calculate distance correctly","duration":0.698142999999618,"failureMessages":[],"meta":{}},{"ancestorTitles":["Calculator Core Functions","calculateDistance","basic calculations"],"fullName":"Calculator Core Functions calculateDistance basic calculations should handle mile pace units","status":"passed","title":"should handle mile pace units","duration":0.6153339999996206,"failureMessages":[],"meta":{}},{"ancestorTitles":["Calculator Core Functions","calculateDistance","edge cases"],"fullName":"Calculator Core Functions calculateDistance edge cases should handle zero pace","status":"passed","title":"should handle zero pace","duration":0.5105749999997897,"failureMessages":[],"meta":{}},{"ancestorTitles":["Calculator Core Functions","calculateDistance","edge cases"],"fullName":"Calculator Core Functions calculateDistance edge cases should handle very fast pace","status":"passed","title":"should handle very fast pace","duration":0.481412999999975,"failureMessages":[],"meta":{}},{"ancestorTitles":["Calculator Core Functions","calculateDistance","round-trip calculations"],"fullName":"Calculator Core Functions calculateDistance round-trip calculations should maintain precision in round-trip calculations","status":"passed","title":"should maintain precision in round-trip calculations","duration":0.5287350000003244,"failureMessages":[],"meta":{}},{"ancestorTitles":["Calculator Core Functions","formatDistance"],"fullName":"Calculator Core Functions formatDistance should format distances with default 2 decimal places","status":"passed","title":"should format distances with default 2 decimal places","duration":0.638850000000275,"failureMessages":[],"meta":{}},{"ancestorTitles":["Calculator Core Functions","formatDistance"],"fullName":"Calculator Core Functions formatDistance should respect custom decimal places","status":"passed","title":"should respect custom decimal places","duration":0.5489349999998012,"failureMessages":[],"meta":{}},{"ancestorTitles":["Calculator Core Functions","formatDistance"],"fullName":"Calculator Core Functions formatDistance should handle edge cases","status":"passed","title":"should handle edge cases","duration":0.5037560000000667,"failureMessages":[],"meta":{}},{"ancestorTitles":["Calculator Core Functions","formatPaceDisplay"],"fullName":"Calculator Core Functions formatPaceDisplay should format pace in MM:SS format","status":"passed","title":"should format pace in MM:SS format","duration":0.604961000000003,"failureMessages":[],"meta":{}},{"ancestorTitles":["Calculator Core Functions","formatPaceDisplay"],"fullName":"Calculator Core Functions formatPaceDisplay should handle edge cases","status":"passed","title":"should handle edge cases","duration":0.4391970000001493,"failureMessages":[],"meta":{}},{"ancestorTitles":["Calculator Core Functions","integration scenarios","complete calculation workflows"],"fullName":"Calculator Core Functions integration scenarios complete calculation workflows should handle pace calculation workflow","status":"passed","title":"should handle pace calculation workflow","duration":0.6109070000002248,"failureMessages":[],"meta":{}},{"ancestorTitles":["Calculator Core Functions","integration scenarios","complete calculation workflows"],"fullName":"Calculator Core Functions integration scenarios complete calculation workflows should handle time calculation workflow","status":"passed","title":"should handle time calculation workflow","duration":0.44990999999981796,"failureMessages":[],"meta":{}},{"ancestorTitles":["Calculator Core Functions","integration scenarios","complete calculation workflows"],"fullName":"Calculator Core Functions integration scenarios complete calculation workflows should handle distance calculation workflow","status":"passed","title":"should handle distance calculation workflow","duration":0.42577499999970314,"failureMessages":[],"meta":{}},{"ancestorTitles":["Calculator Core Functions","integration scenarios","unit conversion consistency"],"fullName":"Calculator Core Functions integration scenarios unit conversion consistency should maintain consistency across all unit combinations","status":"passed","title":"should maintain consistency across all unit combinations","duration":0.626013999999941,"failureMessages":[],"meta":{}},{"ancestorTitles":["Calculator Core Functions","Badge Update Test"],"fullName":"Calculator Core Functions Badge Update Test should trigger automatic badge updates in PRs","status":"passed","title":"should trigger automatic badge updates in PRs","duration":0.4134229999999661,"failureMessages":[],"meta":{}}],"startTime":1763463755968,"endTime":1763463756004.4133,"status":"passed","message":"","name":"/home/user/pace-calculator/tests/unit/calculator.test.js"},{"assertionResults":[{"ancestorTitles":["Default distance"],"fullName":"Default distance applies saved default distance on init","status":"passed","title":"applies saved default distance on init","duration":154.71046000000024,"failureMessages":[],"meta":{}}],"startTime":1763463752370,"endTime":1763463752524.7104,"status":"passed","message":"","name":"/home/user/pace-calculator/tests/unit/default-distance.test.js"},{"assertionResults":[{"ancestorTitles":["Distance Utilities","getRaceDistances"],"fullName":"Distance Utilities getRaceDistances should return all race distances with km and miles","status":"passed","title":"should return all race distances with km and miles","duration":5.032842999999957,"failureMessages":[],"meta":{}},{"ancestorTitles":["Distance Utilities","getRaceDistances"],"fullName":"Distance Utilities getRaceDistances should include sprint distances","status":"passed","title":"should include sprint distances","duration":1.3565419999999904,"failureMessages":[],"meta":{}},{"ancestorTitles":["Distance Utilities","getRaceDistances"],"fullName":"Distance Utilities getRaceDistances should include middle distances","status":"passed","title":"should include middle distances","duration":1.3268269999998665,"failureMessages":[],"meta":{}},{"ancestorTitles":["Distance Utilities","getRaceDistances"],"fullName":"Distance Utilities getRaceDistances should include long distances","status":"passed","title":"should include long distances","duration":0.7314700000001721,"failureMessages":[],"meta":{}},{"ancestorTitles":["Distance Utilities","getRaceDistances"],"fullName":"Distance Utilities getRaceDistances should include ultra distances","status":"passed","title":"should include ultra distances","duration":0.5175930000000335,"failureMessages":[],"meta":{}},{"ancestorTitles":["Distance Utilities","getRaceDistancesKm"],"fullName":"Distance Utilities getRaceDistancesKm should return all race distances in km only","status":"passed","title":"should return all race distances in km only","duration":0.5772409999999581,"failureMessages":[],"meta":{}},{"ancestorTitles":["Distance Utilities","getRaceDistancesKm"],"fullName":"Distance Utilities getRaceDistancesKm should return a copy of the distances object","status":"passed","title":"should return a copy of the distances object","duration":1.9729409999999916,"failureMessages":[],"meta":{}},{"ancestorTitles":["Distance Utilities","getDistanceDisplayName"],"fullName":"Distance Utilities getDistanceDisplayName should return proper display names","status":"passed","title":"should return proper display names","duration":0.5520810000002712,"failureMessages":[],"meta":{}},{"ancestorTitles":["Distance Utilities","getDistanceDisplayName"],"fullName":"Distance Utilities getDistanceDisplayName should handle unknown distances with fallback","status":"passed","title":"should handle unknown distances with fallback","duration":0.5024200000002566,"failureMessages":[],"meta":{}},{"ancestorTitles":["Distance Utilities","getDistanceDisplayName"],"fullName":"Distance Utilities getDistanceDisplayName should handle distances with dashes","status":"passed","title":"should handle distances with dashes","duration":0.4085299999997005,"failureMessages":[],"meta":{}},{"ancestorTitles":["Distance Utilities","getDistanceValue"],"fullName":"Distance Utilities getDistanceValue should return distance in km","status":"passed","title":"should return distance in km","duration":0.3807839999999487,"failureMessages":[],"meta":{}},{"ancestorTitles":["Distance Utilities","getDistanceValue"],"fullName":"Distance Utilities getDistanceValue should return distance in miles","status":"passed","title":"should return distance in miles","duration":0.3262710000003608,"failureMessages":[],"meta":{}},{"ancestorTitles":["Distance Utilities","getDistanceValue"],"fullName":"Distance Utilities getDistanceValue should return null for unknown distance","status":"passed","title":"should return null for unknown distance","duration":0.3059840000000804,"failureMessages":[],"meta":{}},{"ancestorTitles":["Distance Utilities","getDistanceValue"],"fullName":"Distance Utilities getDistanceValue should handle 1-mile distance","status":"passed","title":"should handle 1-mile distance","duration":0.2689290000002984,"failureMessages":[],"meta":{}},{"ancestorTitles":["Distance Utilities","getDistanceSuggestions"],"fullName":"Distance Utilities getDistanceSuggestions should return suggestions for km and miles","status":"passed","title":"should return suggestions for km and miles","duration":0.4625890000002073,"failureMessages":[],"meta":{}},{"ancestorTitles":["Distance Utilities","getDistanceSuggestions"],"fullName":"Distance Utilities getDistanceSuggestions should include standard race distances","status":"passed","title":"should include standard race distances","duration":1.1248129999999037,"failureMessages":[],"meta":{}},{"ancestorTitles":["Distance Utilities","getDistanceSuggestions"],"fullName":"Distance Utilities getDistanceSuggestions should include common training distances","status":"passed","title":"should include common training distances","duration":0.6435750000000553,"failureMessages":[],"meta":{}},{"ancestorTitles":["Distance Utilities","getDistanceSuggestions"],"fullName":"Distance Utilities getDistanceSuggestions should have no duplicates","status":"passed","title":"should have no duplicates","duration":0.35450200000013865,"failureMessages":[],"meta":{}},{"ancestorTitles":["Distance Utilities","getDistanceSuggestions"],"fullName":"Distance Utilities getDistanceSuggestions should be sorted in ascending order","status":"passed","title":"should be sorted in ascending order","duration":0.5431730000000243,"failureMessages":[],"meta":{}},{"ancestorTitles":["Distance Utilities","normalizeDistanceToKm"],"fullName":"Distance Utilities normalizeDistanceToKm should return same value for km","status":"passed","title":"should return same value for km","duration":0.37532599999985905,"failureMessages":[],"meta":{}},{"ancestorTitles":["Distance Utilities","normalizeDistanceToKm"],"fullName":"Distance Utilities normalizeDistanceToKm should convert miles to km","status":"passed","title":"should convert miles to km","duration":0.3465809999997873,"failureMessages":[],"meta":{}},{"ancestorTitles":["Distance Utilities","normalizeDistanceToKm"],"fullName":"Distance Utilities normalizeDistanceToKm should handle zero distance","status":"passed","title":"should handle zero distance","duration":0.3146369999999479,"failureMessages":[],"meta":{}},{"ancestorTitles":["Distance Utilities","findDistanceKey"],"fullName":"Distance Utilities findDistanceKey should find distance key by km value","status":"passed","title":"should find distance key by km value","duration":0.4471690000000308,"failureMessages":[],"meta":{}},{"ancestorTitles":["Distance Utilities","findDistanceKey"],"fullName":"Distance Utilities findDistanceKey should find distance key by miles value","status":"passed","title":"should find distance key by miles value","duration":0.2969389999998384,"failureMessages":[],"meta":{}},{"ancestorTitles":["Distance Utilities","findDistanceKey"],"fullName":"Distance Utilities findDistanceKey should return null for unknown distance","status":"passed","title":"should return null for unknown distance","duration":0.34287999999969543,"failureMessages":[],"meta":{}},{"ancestorTitles":["Distance Utilities","findDistanceKey"],"fullName":"Distance Utilities findDistanceKey should handle tolerance parameter","status":"passed","title":"should handle tolerance parameter","duration":0.3134930000001077,"failureMessages":[],"meta":{}},{"ancestorTitles":["Distance Utilities","findDistanceKey"],"fullName":"Distance Utilities findDistanceKey should handle ultra distances","status":"passed","title":"should handle ultra distances","duration":0.4586210000002211,"failureMessages":[],"meta":{}},{"ancestorTitles":["Distance Utilities","isUltraDistance"],"fullName":"Distance Utilities isUltraDistance should return true for ultra distances","status":"passed","title":"should return true for ultra distances","duration":0.473852000000079,"failureMessages":[],"meta":{}},{"ancestorTitles":["Distance Utilities","isUltraDistance"],"fullName":"Distance Utilities isUltraDistance should return false for non-ultra distances","status":"passed","title":"should return false for non-ultra distances","duration":0.3912999999997737,"failureMessages":[],"meta":{}},{"ancestorTitles":["Distance Utilities","isUltraDistance"],"fullName":"Distance Utilities isUltraDistance should return false for unknown distances","status":"passed","title":"should return false for unknown distances","duration":0.2784700000001976,"failureMessages":[],"meta":{}},{"ancestorTitles":["Distance Utilities","getDistanceCategory"],"fullName":"Distance Utilities getDistanceCategory should return sprint for sprint distances","status":"passed","title":"should return sprint for sprint distances","duration":0.39515099999971426,"failureMessages":[],"meta":{}},{"ancestorTitles":["Distance Utilities","getDistanceCategory"],"fullName":"Distance Utilities getDistanceCategory should return middle for middle distances","status":"passed","title":"should return middle for middle distances","duration":0.4640180000001237,"failureMessages":[],"meta":{}},{"ancestorTitles":["Distance Utilities","getDistanceCategory"],"fullName":"Distance Utilities getDistanceCategory should return long for long distances","status":"passed","title":"should return long for long distances","duration":0.45200100000010934,"failureMessages":[],"meta":{}},{"ancestorTitles":["Distance Utilities","getDistanceCategory"],"fullName":"Distance Utilities getDistanceCategory should return ultra for ultra distances","status":"passed","title":"should return ultra for ultra distances","duration":0.35078199999998105,"failureMessages":[],"meta":{}},{"ancestorTitles":["Distance Utilities","getDistanceCategory"],"fullName":"Distance Utilities getDistanceCategory should return null for unknown distances","status":"passed","title":"should return null for unknown distances","duration":0.40416099999993094,"failureMessages":[],"meta":{}},{"ancestorTitles":["Distance Utilities","getUltraDistances"],"fullName":"Distance Utilities getUltraDistances should return only ultra distances","status":"passed","title":"should return only ultra distances","duration":0.6393420000003971,"failureMessages":[],"meta":{}},{"ancestorTitles":["Distance Utilities","getUltraDistances"],"fullName":"Distance Utilities getUltraDistances should not include non-ultra distances","status":"passed","title":"should not include non-ultra distances","duration":0.5746939999999086,"failureMessages":[],"meta":{}},{"ancestorTitles":["Distance Utilities","getUltraDistances"],"fullName":"Distance Utilities getUltraDistances should return distances with km and miles values","status":"passed","title":"should return distances with km and miles values","duration":0.4469260000000759,"failureMessages":[],"meta":{}},{"ancestorTitles":["Distance Utilities","getDistancesByCategory"],"fullName":"Distance Utilities getDistancesByCategory should return sprint distances","status":"passed","title":"should return sprint distances","duration":0.41387699999995675,"failureMessages":[],"meta":{}},{"ancestorTitles":["Distance Utilities","getDistancesByCategory"],"fullName":"Distance Utilities getDistancesByCategory should return middle distances","status":"passed","title":"should return middle distances","duration":0.4700260000004164,"failureMessages":[],"meta":{}},{"ancestorTitles":["Distance Utilities","getDistancesByCategory"],"fullName":"Distance Utilities getDistancesByCategory should return long distances","status":"passed","title":"should return long distances","duration":0.3301440000000184,"failureMessages":[],"meta":{}},{"ancestorTitles":["Distance Utilities","getDistancesByCategory"],"fullName":"Distance Utilities getDistancesByCategory should return ultra distances","status":"passed","title":"should return ultra distances","duration":0.29214500000034604,"failureMessages":[],"meta":{}},{"ancestorTitles":["Distance Utilities","getDistancesByCategory"],"fullName":"Distance Utilities getDistancesByCategory should return empty object for unknown category","status":"passed","title":"should return empty object for unknown category","duration":0.843134000000191,"failureMessages":[],"meta":{}},{"ancestorTitles":["Distance Utilities","getDistancesByCategory"],"fullName":"Distance Utilities getDistancesByCategory should return distances with km and miles values","status":"passed","title":"should return distances with km and miles values","duration":0.3354770000000826,"failureMessages":[],"meta":{}}],"startTime":1763463755964,"endTime":1763463755994.3354,"status":"passed","message":"","name":"/home/user/pace-calculator/tests/unit/distances.test.js"},{"assertionResults":[{"ancestorTitles":["DOM Ready Utilities","waitForDOM"],"fullName":"DOM Ready Utilities waitForDOM should resolve immediately if DOM is already loaded","status":"passed","title":"should resolve immediately if DOM is already loaded","duration":5.508495000000039,"failureMessages":[],"meta":{}},{"ancestorTitles":["DOM Ready Utilities","waitForDOM"],"fullName":"DOM Ready Utilities waitForDOM should resolve immediately if DOM is interactive","status":"passed","title":"should resolve immediately if DOM is interactive","duration":1.5639879999998811,"failureMessages":[],"meta":{}},{"ancestorTitles":["DOM Ready Utilities","waitForElement"],"fullName":"DOM Ready Utilities waitForElement should resolve immediately if element exists","status":"passed","title":"should resolve immediately if element exists","duration":7.195353000000068,"failureMessages":[],"meta":{}},{"ancestorTitles":["DOM Ready Utilities","waitForElement"],"fullName":"DOM Ready Utilities waitForElement should wait for element to appear","status":"passed","title":"should wait for element to appear","duration":103.42555699999957,"failureMessages":[],"meta":{}},{"ancestorTitles":["DOM Ready Utilities","waitForElement"],"fullName":"DOM Ready Utilities waitForElement should reject if element not found within timeout","status":"passed","title":"should reject if element not found within timeout","duration":102.4878979999994,"failureMessages":[],"meta":{}},{"ancestorTitles":["DOM Ready Utilities","waitForElement"],"fullName":"DOM Ready Utilities waitForElement should detect element added to nested structure","status":"passed","title":"should detect element added to nested structure","duration":55.634235000000444,"failureMessages":[],"meta":{}},{"ancestorTitles":["DOM Ready Utilities","waitForElements"],"fullName":"DOM Ready Utilities waitForElements should wait for multiple elements","status":"passed","title":"should wait for multiple elements","duration":55.33127799999966,"failureMessages":[],"meta":{}},{"ancestorTitles":["DOM Ready Utilities","waitForElements"],"fullName":"DOM Ready Utilities waitForElements should resolve immediately if all elements exist","status":"passed","title":"should resolve immediately if all elements exist","duration":3.187923999999839,"failureMessages":[],"meta":{}},{"ancestorTitles":["DOM Ready Utilities","waitForElements"],"fullName":"DOM Ready Utilities waitForElements should reject if any element times out","status":"passed","title":"should reject if any element times out","duration":102.31254900000022,"failureMessages":[],"meta":{}},{"ancestorTitles":["DOM Ready Utilities","safeGetElement"],"fullName":"DOM Ready Utilities safeGetElement should return element if it exists","status":"passed","title":"should return element if it exists","duration":1.0905769999999393,"failureMessages":[],"meta":{}},{"ancestorTitles":["DOM Ready Utilities","safeGetElement"],"fullName":"DOM Ready Utilities safeGetElement should throw error if required element not found","status":"passed","title":"should throw error if required element not found","duration":0.5104729999993651,"failureMessages":[],"meta":{}},{"ancestorTitles":["DOM Ready Utilities","safeGetElement"],"fullName":"DOM Ready Utilities safeGetElement should return null if optional element not found","status":"passed","title":"should return null if optional element not found","duration":2.209726000000046,"failureMessages":[],"meta":{}},{"ancestorTitles":["DOM Ready Utilities","safeGetElement"],"fullName":"DOM Ready Utilities safeGetElement should default to required=true","status":"passed","title":"should default to required=true","duration":0.47673500000018976,"failureMessages":[],"meta":{}},{"ancestorTitles":["DOM Ready Utilities","safeGetElements"],"fullName":"DOM Ready Utilities safeGetElements should return object with all elements","status":"passed","title":"should return object with all elements","duration":2.650254999999561,"failureMessages":[],"meta":{}},{"ancestorTitles":["DOM Ready Utilities","safeGetElements"],"fullName":"DOM Ready Utilities safeGetElements should throw if any required element missing","status":"passed","title":"should throw if any required element missing","duration":1.1911490000002232,"failureMessages":[],"meta":{}},{"ancestorTitles":["DOM Ready Utilities","safeGetElements"],"fullName":"DOM Ready Utilities safeGetElements should warn but not throw if optional elements missing","status":"passed","title":"should warn but not throw if optional elements missing","duration":1.0552239999997255,"failureMessages":[],"meta":{}},{"ancestorTitles":["DOM Ready Utilities","safeGetElements"],"fullName":"DOM Ready Utilities safeGetElements should handle multiple missing elements","status":"passed","title":"should handle multiple missing elements","duration":0.6670780000004015,"failureMessages":[],"meta":{}},{"ancestorTitles":["DOM Ready Utilities","safeAddEventListener"],"fullName":"DOM Ready Utilities safeAddEventListener should add event listener successfully","status":"passed","title":"should add event listener successfully","duration":2.198685999999725,"failureMessages":[],"meta":{}},{"ancestorTitles":["DOM Ready Utilities","safeAddEventListener"],"fullName":"DOM Ready Utilities safeAddEventListener should warn if element is null","status":"passed","title":"should warn if element is null","duration":0.7274780000007013,"failureMessages":[],"meta":{}},{"ancestorTitles":["DOM Ready Utilities","safeAddEventListener"],"fullName":"DOM Ready Utilities safeAddEventListener should handle addEventListener errors","status":"passed","title":"should handle addEventListener errors","duration":0.8252149999998437,"failureMessages":[],"meta":{}},{"ancestorTitles":["DOM Ready Utilities","safeAddEventListener"],"fullName":"DOM Ready Utilities safeAddEventListener should support event listener options","status":"passed","title":"should support event listener options","duration":0.9842060000000856,"failureMessages":[],"meta":{}},{"ancestorTitles":["DOM Ready Utilities","safeAddEventListener"],"fullName":"DOM Ready Utilities safeAddEventListener should use \"unknown\" as default element name","status":"passed","title":"should use \"unknown\" as default element name","duration":0.8061840000000302,"failureMessages":[],"meta":{}},{"ancestorTitles":["DOM Ready Utilities","robustInit"],"fullName":"DOM Ready Utilities robustInit should initialize function successfully","status":"passed","title":"should initialize function successfully","duration":51.558132000000114,"failureMessages":[],"meta":{}},{"ancestorTitles":["DOM Ready Utilities","robustInit"],"fullName":"DOM Ready Utilities robustInit should wait for required elements","status":"passed","title":"should wait for required elements","duration":51.30704400000013,"failureMessages":[],"meta":{}},{"ancestorTitles":["DOM Ready Utilities","robustInit"],"fullName":"DOM Ready Utilities robustInit should retry on failure","status":"passed","title":"should retry on failure","duration":353.17212199999994,"failureMessages":[],"meta":{}},{"ancestorTitles":["DOM Ready Utilities","robustInit"],"fullName":"DOM Ready Utilities robustInit should throw after all retries exhausted","status":"passed","title":"should throw after all retries exhausted","duration":352.75404999999955,"failureMessages":[],"meta":{}},{"ancestorTitles":["DOM Ready Utilities","robustInit"],"fullName":"DOM Ready Utilities robustInit should use default options","status":"passed","title":"should use default options","duration":50.8113800000001,"failureMessages":[],"meta":{}},{"ancestorTitles":["DOM Ready Utilities","robustInit"],"fullName":"DOM Ready Utilities robustInit should handle timeout when waiting for elements","status":"passed","title":"should handle timeout when waiting for elements","duration":102.88564300000053,"failureMessages":[],"meta":{}}],"startTime":1763463752404,"endTime":1763463753819.8857,"status":"passed","message":"","name":"/home/user/pace-calculator/tests/unit/dom-ready.test.js"},{"assertionResults":[{"ancestorTitles":["Personal Records (PR) Module","loadPRs and savePRs"],"fullName":"Personal Records (PR) Module loadPRs and savePRs should return empty object when no PRs stored","status":"passed","title":"should return empty object when no PRs stored","duration":5.440755999999965,"failureMessages":[],"meta":{}},{"ancestorTitles":["Personal Records (PR) Module","loadPRs and savePRs"],"fullName":"Personal Records (PR) Module loadPRs and savePRs should save and load PRs correctly","status":"passed","title":"should save and load PRs correctly","duration":1.9494079999994938,"failureMessages":[],"meta":{}},{"ancestorTitles":["Personal Records (PR) Module","loadPRs and savePRs"],"fullName":"Personal Records (PR) Module loadPRs and savePRs should handle corrupted localStorage data","status":"passed","title":"should handle corrupted localStorage data","duration":9.937543000000005,"failureMessages":[],"meta":{}},{"ancestorTitles":["Personal Records (PR) Module","loadPRs and savePRs"],"fullName":"Personal Records (PR) Module loadPRs and savePRs should handle localStorage save errors","status":"passed","title":"should handle localStorage save errors","duration":1.7344899999998233,"failureMessages":[],"meta":{}},{"ancestorTitles":["Personal Records (PR) Module","setPR"],"fullName":"Personal Records (PR) Module setPR should set PR with all parameters","status":"passed","title":"should set PR with all parameters","duration":0.9104409999999916,"failureMessages":[],"meta":{}},{"ancestorTitles":["Personal Records (PR) Module","setPR"],"fullName":"Personal Records (PR) Module setPR should set PR with default date when none provided","status":"passed","title":"should set PR with default date when none provided","duration":0.6467450000000099,"failureMessages":[],"meta":{}},{"ancestorTitles":["Personal Records (PR) Module","setPR"],"fullName":"Personal Records (PR) Module setPR should convert miles to km for storage","status":"passed","title":"should convert miles to km for storage","duration":0.6087360000001354,"failureMessages":[],"meta":{}},{"ancestorTitles":["Personal Records (PR) Module","setPR"],"fullName":"Personal Records (PR) Module setPR should overwrite existing PR","status":"passed","title":"should overwrite existing PR","duration":0.43447699999978795,"failureMessages":[],"meta":{}},{"ancestorTitles":["Personal Records (PR) Module","getPRForDistance"],"fullName":"Personal Records (PR) Module getPRForDistance should find exact distance match","status":"passed","title":"should find exact distance match","duration":0.9537280000004102,"failureMessages":[],"meta":{}},{"ancestorTitles":["Personal Records (PR) Module","getPRForDistance"],"fullName":"Personal Records (PR) Module getPRForDistance should find standard distance with tolerance","status":"passed","title":"should find standard distance with tolerance","duration":0.5009860000000117,"failureMessages":[],"meta":{}},{"ancestorTitles":["Personal Records (PR) Module","getPRForDistance"],"fullName":"Personal Records (PR) Module getPRForDistance should return null when no matching PR found","status":"passed","title":"should return null when no matching PR found","duration":0.3749100000004546,"failureMessages":[],"meta":{}},{"ancestorTitles":["Personal Records (PR) Module","getPRForDistance"],"fullName":"Personal Records (PR) Module getPRForDistance should not match distances outside tolerance","status":"passed","title":"should not match distances outside tolerance","duration":0.39007800000035786,"failureMessages":[],"meta":{}},{"ancestorTitles":["Personal Records (PR) Module","removePR"],"fullName":"Personal Records (PR) Module removePR should remove specified PR","status":"passed","title":"should remove specified PR","duration":0.6509100000002945,"failureMessages":[],"meta":{}},{"ancestorTitles":["Personal Records (PR) Module","removePR"],"fullName":"Personal Records (PR) Module removePR should handle removing non-existent PR","status":"passed","title":"should handle removing non-existent PR","duration":1.0777619999998933,"failureMessages":[],"meta":{}},{"ancestorTitles":["Personal Records (PR) Module","getAllPRs"],"fullName":"Personal Records (PR) Module getAllPRs should return all PRs formatted correctly","status":"passed","title":"should return all PRs formatted correctly","duration":0.862199000000146,"failureMessages":[],"meta":{}},{"ancestorTitles":["Personal Records (PR) Module","getAllPRs"],"fullName":"Personal Records (PR) Module getAllPRs should sort PRs by distance","status":"passed","title":"should sort PRs by distance","duration":0.852998999999727,"failureMessages":[],"meta":{}},{"ancestorTitles":["Personal Records (PR) Module","getAllPRs"],"fullName":"Personal Records (PR) Module getAllPRs should handle custom distances without display names","status":"passed","title":"should handle custom distances without display names","duration":5.0898260000003575,"failureMessages":[],"meta":{}},{"ancestorTitles":["Personal Records (PR) Module","getAllPRs"],"fullName":"Personal Records (PR) Module getAllPRs should return empty array when no PRs exist","status":"passed","title":"should return empty array when no PRs exist","duration":0.5357969999995476,"failureMessages":[],"meta":{}},{"ancestorTitles":["Personal Records (PR) Module","comparePaceWithPR"],"fullName":"Personal Records (PR) Module comparePaceWithPR should compare faster current pace with PR","status":"passed","title":"should compare faster current pace with PR","duration":0.8668059999999969,"failureMessages":[],"meta":{}},{"ancestorTitles":["Personal Records (PR) Module","comparePaceWithPR"],"fullName":"Personal Records (PR) Module comparePaceWithPR should compare slower current pace with PR","status":"passed","title":"should compare slower current pace with PR","duration":0.5447500000000218,"failureMessages":[],"meta":{}},{"ancestorTitles":["Personal Records (PR) Module","comparePaceWithPR"],"fullName":"Personal Records (PR) Module comparePaceWithPR should return null when no PR exists for distance","status":"passed","title":"should return null when no PR exists for distance","duration":0.37089000000014494,"failureMessages":[],"meta":{}},{"ancestorTitles":["Personal Records (PR) Module","comparePaceWithPR"],"fullName":"Personal Records (PR) Module comparePaceWithPR should handle different units correctly","status":"passed","title":"should handle different units correctly","duration":0.4683049999994182,"failureMessages":[],"meta":{}},{"ancestorTitles":["Personal Records (PR) Module","comparePaceWithPR"],"fullName":"Personal Records (PR) Module comparePaceWithPR should calculate percentage differences","status":"passed","title":"should calculate percentage differences","duration":0.4116020000001299,"failureMessages":[],"meta":{}},{"ancestorTitles":["Personal Records (PR) Module","validatePRTime"],"fullName":"Personal Records (PR) Module validatePRTime should accept valid PR times","status":"passed","title":"should accept valid PR times","duration":0.4453479999992851,"failureMessages":[],"meta":{}},{"ancestorTitles":["Personal Records (PR) Module","validatePRTime"],"fullName":"Personal Records (PR) Module validatePRTime should reject times that are too fast","status":"passed","title":"should reject times that are too fast","duration":0.41208199999982753,"failureMessages":[],"meta":{}},{"ancestorTitles":["Personal Records (PR) Module","validatePRTime"],"fullName":"Personal Records (PR) Module validatePRTime should reject times exceeding 24 hours","status":"passed","title":"should reject times exceeding 24 hours","duration":0.2868479999997362,"failureMessages":[],"meta":{}},{"ancestorTitles":["Personal Records (PR) Module","validatePRTime"],"fullName":"Personal Records (PR) Module validatePRTime should accept boundary times","status":"passed","title":"should accept boundary times","duration":0.29811099999915314,"failureMessages":[],"meta":{}},{"ancestorTitles":["Personal Records (PR) Module","validatePRTime"],"fullName":"Personal Records (PR) Module validatePRTime should delegate to calculator validation for format errors","status":"passed","title":"should delegate to calculator validation for format errors","duration":0.35945100000026287,"failureMessages":[],"meta":{}},{"ancestorTitles":["Personal Records (PR) Module","getDistanceName"],"fullName":"Personal Records (PR) Module getDistanceName should return display name for standard distances","status":"passed","title":"should return display name for standard distances","duration":0.3693219999995563,"failureMessages":[],"meta":{}},{"ancestorTitles":["Personal Records (PR) Module","getDistanceName"],"fullName":"Personal Records (PR) Module getDistanceName should return formatted string for custom distances","status":"passed","title":"should return formatted string for custom distances","duration":0.2948399999995672,"failureMessages":[],"meta":{}},{"ancestorTitles":["Personal Records (PR) Module","getDistanceName"],"fullName":"Personal Records (PR) Module getDistanceName should handle mile to km conversion for standard distances","status":"passed","title":"should handle mile to km conversion for standard distances","duration":0.3954269999994722,"failureMessages":[],"meta":{}},{"ancestorTitles":["Personal Records (PR) Module","formatDate"],"fullName":"Personal Records (PR) Module formatDate should format ISO date strings correctly","status":"passed","title":"should format ISO date strings correctly","duration":19.36741499999971,"failureMessages":[],"meta":{}},{"ancestorTitles":["Personal Records (PR) Module","formatDate"],"fullName":"Personal Records (PR) Module formatDate should handle invalid date strings","status":"passed","title":"should handle invalid date strings","duration":0.4334050000006755,"failureMessages":[],"meta":{}},{"ancestorTitles":["Personal Records (PR) Module","getDateInputValue"],"fullName":"Personal Records (PR) Module getDateInputValue should return YYYY-MM-DD format for date inputs","status":"passed","title":"should return YYYY-MM-DD format for date inputs","duration":0.3476140000002488,"failureMessages":[],"meta":{}},{"ancestorTitles":["Personal Records (PR) Module","getDateInputValue"],"fullName":"Personal Records (PR) Module getDateInputValue should handle invalid dates","status":"passed","title":"should handle invalid dates","duration":0.5503290000006018,"failureMessages":[],"meta":{}},{"ancestorTitles":["Personal Records (PR) Module","getDateInputValue"],"fullName":"Personal Records (PR) Module getDateInputValue should handle different timezones correctly","status":"passed","title":"should handle different timezones correctly","duration":0.4395590000003722,"failureMessages":[],"meta":{}},{"ancestorTitles":["Personal Records (PR) Module","integration scenarios"],"fullName":"Personal Records (PR) Module integration scenarios should handle complete PR management workflow","status":"passed","title":"should handle complete PR management workflow","duration":0.9502849999998944,"failureMessages":[],"meta":{}},{"ancestorTitles":["Personal Records (PR) Module","integration scenarios"],"fullName":"Personal Records (PR) Module integration scenarios should handle unit conversions consistently","status":"passed","title":"should handle unit conversions consistently","duration":0.3963980000007723,"failureMessages":[],"meta":{}},{"ancestorTitles":["Personal Records (PR) Module","integration scenarios"],"fullName":"Personal Records (PR) Module integration scenarios should maintain data integrity across localStorage operations","status":"passed","title":"should maintain data integrity across localStorage operations","duration":0.5686100000002625,"failureMessages":[],"meta":{}}],"startTime":1763463752434,"endTime":1763463752497.5686,"status":"passed","message":"","name":"/home/user/pace-calculator/tests/unit/pr.test.js"},{"assertionResults":[{"ancestorTitles":["Quick Preset Buttons"],"fullName":"Quick Preset Buttons should populate distance field when 5K preset button is clicked in pace tab","status":"passed","title":"should populate distance field when 5K preset button is clicked in pace tab","duration":43.78490099999999,"failureMessages":[],"meta":{}},{"ancestorTitles":["Quick Preset Buttons"],"fullName":"Quick Preset Buttons should populate distance field when 10K preset button is clicked in pace tab","status":"passed","title":"should populate distance field when 10K preset button is clicked in pace tab","duration":14.355808000000252,"failureMessages":[],"meta":{}},{"ancestorTitles":["Quick Preset Buttons"],"fullName":"Quick Preset Buttons should populate distance field when half marathon preset button is clicked in pace tab","status":"passed","title":"should populate distance field when half marathon preset button is clicked in pace tab","duration":11.60813700000017,"failureMessages":[],"meta":{}},{"ancestorTitles":["Quick Preset Buttons"],"fullName":"Quick Preset Buttons should populate distance field when marathon preset button is clicked in pace tab","status":"passed","title":"should populate distance field when marathon preset button is clicked in pace tab","duration":5.90764500000023,"failureMessages":[],"meta":{}},{"ancestorTitles":["Quick Preset Buttons"],"fullName":"Quick Preset Buttons should populate distance field in time tab when preset button is clicked","status":"passed","title":"should populate distance field in time tab when preset button is clicked","duration":8.30267300000014,"failureMessages":[],"meta":{}},{"ancestorTitles":["Quick Preset Buttons"],"fullName":"Quick Preset Buttons should update distance value when unit system changes","status":"passed","title":"should update distance value when unit system changes","duration":6.217254000000139,"failureMessages":[],"meta":{}},{"ancestorTitles":["Quick Preset Buttons"],"fullName":"Quick Preset Buttons should have proper accessibility attributes","status":"passed","title":"should have proper accessibility attributes","duration":6.615294999999605,"failureMessages":[],"meta":{}},{"ancestorTitles":["Quick Preset Buttons"],"fullName":"Quick Preset Buttons should have all four preset buttons in each tab","status":"passed","title":"should have all four preset buttons in each tab","duration":9.77512299999944,"failureMessages":[],"meta":{}},{"ancestorTitles":["Quick Preset Buttons"],"fullName":"Quick Preset Buttons should clear error states when preset button is clicked","status":"passed","title":"should clear error states when preset button is clicked","duration":5.995926999999938,"failureMessages":[],"meta":{}},{"ancestorTitles":["Quick Preset Buttons"],"fullName":"Quick Preset Buttons should update preset dropdown when 5K quick preset button is clicked in pace tab","status":"passed","title":"should update preset dropdown when 5K quick preset button is clicked in pace tab","duration":8.129487999999583,"failureMessages":[],"meta":{}},{"ancestorTitles":["Quick Preset Buttons"],"fullName":"Quick Preset Buttons should update preset dropdown when 10K quick preset button is clicked in pace tab","status":"passed","title":"should update preset dropdown when 10K quick preset button is clicked in pace tab","duration":6.495785000000069,"failureMessages":[],"meta":{}},{"ancestorTitles":["Quick Preset Buttons"],"fullName":"Quick Preset Buttons should update preset dropdown when half marathon quick preset button is clicked in pace tab","status":"passed","title":"should update preset dropdown when half marathon quick preset button is clicked in pace tab","duration":10.676155999999537,"failureMessages":[],"meta":{}},{"ancestorTitles":["Quick Preset Buttons"],"fullName":"Quick Preset Buttons should update preset dropdown when marathon quick preset button is clicked in pace tab","status":"passed","title":"should update preset dropdown when marathon quick preset button is clicked in pace tab","duration":6.885527999999795,"failureMessages":[],"meta":{}},{"ancestorTitles":["Quick Preset Buttons"],"fullName":"Quick Preset Buttons should update preset dropdown when quick preset button is clicked in time tab","status":"passed","title":"should update preset dropdown when quick preset button is clicked in time tab","duration":7.904819999999745,"failureMessages":[],"meta":{}},{"ancestorTitles":["Quick Preset Buttons"],"fullName":"Quick Preset Buttons should update both distance input and preset dropdown synchronously","status":"passed","title":"should update both distance input and preset dropdown synchronously","duration":10.4906519999995,"failureMessages":[],"meta":{}}],"startTime":1763463753102,"endTime":1763463753266.4907,"status":"passed","message":"","name":"/home/user/pace-calculator/tests/unit/quick-presets.test.js"},{"assertionResults":[{"ancestorTitles":["sanitizer - XSS Prevention","sanitizeHTML()"],"fullName":"sanitizer - XSS Prevention sanitizeHTML() should allow safe HTML tags","status":"passed","title":"should allow safe HTML tags","duration":17.77473900000041,"failureMessages":[],"meta":{}},{"ancestorTitles":["sanitizer - XSS Prevention","sanitizeHTML()"],"fullName":"sanitizer - XSS Prevention sanitizeHTML() should remove script tags","status":"passed","title":"should remove script tags","duration":5.2002370000000155,"failureMessages":[],"meta":{}},{"ancestorTitles":["sanitizer - XSS Prevention","sanitizeHTML()"],"fullName":"sanitizer - XSS Prevention sanitizeHTML() should remove img tags with onerror","status":"passed","title":"should remove img tags with onerror","duration":5.818519999999808,"failureMessages":[],"meta":{}},{"ancestorTitles":["sanitizer - XSS Prevention","sanitizeHTML()"],"fullName":"sanitizer - XSS Prevention sanitizeHTML() should remove javascript: protocol URLs","status":"passed","title":"should remove javascript: protocol URLs","duration":3.4263370000007853,"failureMessages":[],"meta":{}},{"ancestorTitles":["sanitizer - XSS Prevention","sanitizeHTML()"],"fullName":"sanitizer - XSS Prevention sanitizeHTML() should remove on* event handlers","status":"passed","title":"should remove on* event handlers","duration":2.506529000000228,"failureMessages":[],"meta":{}},{"ancestorTitles":["sanitizer - XSS Prevention","sanitizeHTML()"],"fullName":"sanitizer - XSS Prevention sanitizeHTML() should handle iframe injection","status":"passed","title":"should handle iframe injection","duration":3.945923000000221,"failureMessages":[],"meta":{}},{"ancestorTitles":["sanitizer - XSS Prevention","sanitizeHTML()"],"fullName":"sanitizer - XSS Prevention sanitizeHTML() should handle SVG XSS attempts","status":"passed","title":"should handle SVG XSS attempts","duration":4.7472569999999905,"failureMessages":[],"meta":{}},{"ancestorTitles":["sanitizer - XSS Prevention","sanitizeHTML()"],"fullName":"sanitizer - XSS Prevention sanitizeHTML() should handle object/embed tags","status":"passed","title":"should handle object/embed tags","duration":3.2488019999991593,"failureMessages":[],"meta":{}},{"ancestorTitles":["sanitizer - XSS Prevention","sanitizeText()"],"fullName":"sanitizer - XSS Prevention sanitizeText() should escape HTML entities","status":"passed","title":"should escape HTML entities","duration":1.4156190000003335,"failureMessages":[],"meta":{}},{"ancestorTitles":["sanitizer - XSS Prevention","sanitizeText()"],"fullName":"sanitizer - XSS Prevention sanitizeText() should handle plain text without changes","status":"passed","title":"should handle plain text without changes","duration":0.8463839999994889,"failureMessages":[],"meta":{}},{"ancestorTitles":["sanitizer - XSS Prevention","sanitizeText()"],"fullName":"sanitizer - XSS Prevention sanitizeText() should handle empty string","status":"passed","title":"should handle empty string","duration":0.6230040000000372,"failureMessages":[],"meta":{}},{"ancestorTitles":["sanitizer - XSS Prevention","sanitizeText()"],"fullName":"sanitizer - XSS Prevention sanitizeText() should handle null/undefined","status":"passed","title":"should handle null/undefined","duration":0.5701369999997041,"failureMessages":[],"meta":{}},{"ancestorTitles":["sanitizer - XSS Prevention","stripHTML()"],"fullName":"sanitizer - XSS Prevention stripHTML() should remove all HTML tags","status":"passed","title":"should remove all HTML tags","duration":3.1014869999999064,"failureMessages":[],"meta":{}},{"ancestorTitles":["sanitizer - XSS Prevention","stripHTML()"],"fullName":"sanitizer - XSS Prevention stripHTML() should remove script tags and content","status":"passed","title":"should remove script tags and content","duration":1.8699010000000271,"failureMessages":[],"meta":{}},{"ancestorTitles":["sanitizer - XSS Prevention","stripHTML()"],"fullName":"sanitizer - XSS Prevention stripHTML() should handle PR notes with malicious content","status":"passed","title":"should handle PR notes with malicious content","duration":1.973215999999411,"failureMessages":[],"meta":{}},{"ancestorTitles":["sanitizer - XSS Prevention","stripHTML()"],"fullName":"sanitizer - XSS Prevention stripHTML() should handle complex nested HTML","status":"passed","title":"should handle complex nested HTML","duration":3.0784279999998034,"failureMessages":[],"meta":{}},{"ancestorTitles":["sanitizer - XSS Prevention","stripHTML()"],"fullName":"sanitizer - XSS Prevention stripHTML() should handle empty input","status":"passed","title":"should handle empty input","duration":0.4284330000000409,"failureMessages":[],"meta":{}},{"ancestorTitles":["sanitizer - XSS Prevention","escapeHTML()"],"fullName":"sanitizer - XSS Prevention escapeHTML() should escape all dangerous characters","status":"passed","title":"should escape all dangerous characters","duration":0.4650229999997464,"failureMessages":[],"meta":{}},{"ancestorTitles":["sanitizer - XSS Prevention","escapeHTML()"],"fullName":"sanitizer - XSS Prevention escapeHTML() should escape ampersands","status":"passed","title":"should escape ampersands","duration":0.32775199999923643,"failureMessages":[],"meta":{}},{"ancestorTitles":["sanitizer - XSS Prevention","escapeHTML()"],"fullName":"sanitizer - XSS Prevention escapeHTML() should escape quotes","status":"passed","title":"should escape quotes","duration":0.3360030000003462,"failureMessages":[],"meta":{}},{"ancestorTitles":["sanitizer - XSS Prevention","escapeHTML()"],"fullName":"sanitizer - XSS Prevention escapeHTML() should escape single quotes","status":"passed","title":"should escape single quotes","duration":0.25455799999963347,"failureMessages":[],"meta":{}},{"ancestorTitles":["sanitizer - XSS Prevention","escapeHTML()"],"fullName":"sanitizer - XSS Prevention escapeHTML() should handle multiple special characters","status":"passed","title":"should handle multiple special characters","duration":0.2652429999998276,"failureMessages":[],"meta":{}},{"ancestorTitles":["sanitizer - XSS Prevention","escapeHTML()"],"fullName":"sanitizer - XSS Prevention escapeHTML() should handle empty input","status":"passed","title":"should handle empty input","duration":0.38090400000055524,"failureMessages":[],"meta":{}},{"ancestorTitles":["sanitizer - XSS Prevention","Real-world XSS attack scenarios"],"fullName":"sanitizer - XSS Prevention Real-world XSS attack scenarios should prevent PR note XSS via script injection","status":"passed","title":"should prevent PR note XSS via script injection","duration":1.4191099999998187,"failureMessages":[],"meta":{}},{"ancestorTitles":["sanitizer - XSS Prevention","Real-world XSS attack scenarios"],"fullName":"sanitizer - XSS Prevention Real-world XSS attack scenarios should prevent PR note XSS via img onerror","status":"passed","title":"should prevent PR note XSS via img onerror","duration":2.358137999999599,"failureMessages":[],"meta":{}},{"ancestorTitles":["sanitizer - XSS Prevention","Real-world XSS attack scenarios"],"fullName":"sanitizer - XSS Prevention Real-world XSS attack scenarios should prevent PR note XSS via style tag","status":"passed","title":"should prevent PR note XSS via style tag","duration":1.6195989999996527,"failureMessages":[],"meta":{}},{"ancestorTitles":["sanitizer - XSS Prevention","Real-world XSS attack scenarios"],"fullName":"sanitizer - XSS Prevention Real-world XSS attack scenarios should prevent data exfiltration via SVG","status":"passed","title":"should prevent data exfiltration via SVG","duration":1.9645529999997962,"failureMessages":[],"meta":{}},{"ancestorTitles":["sanitizer - XSS Prevention","Real-world XSS attack scenarios"],"fullName":"sanitizer - XSS Prevention Real-world XSS attack scenarios should handle encoded script tags","status":"passed","title":"should handle encoded script tags","duration":0.7028420000006008,"failureMessages":[],"meta":{}},{"ancestorTitles":["sanitizer - XSS Prevention","Real-world XSS attack scenarios"],"fullName":"sanitizer - XSS Prevention Real-world XSS attack scenarios should prevent HTML injection in display names","status":"passed","title":"should prevent HTML injection in display names","duration":0.5133660000001328,"failureMessages":[],"meta":{}},{"ancestorTitles":["sanitizer - XSS Prevention","Real-world XSS attack scenarios"],"fullName":"sanitizer - XSS Prevention Real-world XSS attack scenarios should sanitize result values that might contain HTML","status":"passed","title":"should sanitize result values that might contain HTML","duration":2.254721000000245,"failureMessages":[],"meta":{}},{"ancestorTitles":["sanitizer - XSS Prevention","Performance and edge cases"],"fullName":"sanitizer - XSS Prevention Performance and edge cases should handle very long strings","status":"passed","title":"should handle very long strings","duration":7.2228460000005725,"failureMessages":[],"meta":{}},{"ancestorTitles":["sanitizer - XSS Prevention","Performance and edge cases"],"fullName":"sanitizer - XSS Prevention Performance and edge cases should handle deeply nested HTML","status":"passed","title":"should handle deeply nested HTML","duration":94.06864600000063,"failureMessages":[],"meta":{}},{"ancestorTitles":["sanitizer - XSS Prevention","Performance and edge cases"],"fullName":"sanitizer - XSS Prevention Performance and edge cases should handle special unicode characters","status":"passed","title":"should handle special unicode characters","duration":10.441114000000198,"failureMessages":[],"meta":{}},{"ancestorTitles":["sanitizer - XSS Prevention","Performance and edge cases"],"fullName":"sanitizer - XSS Prevention Performance and edge cases should handle CRLF injection attempts","status":"passed","title":"should handle CRLF injection attempts","duration":1.148631999999452,"failureMessages":[],"meta":{}},{"ancestorTitles":["sanitizer - XSS Prevention","Performance and edge cases"],"fullName":"sanitizer - XSS Prevention Performance and edge cases should handle null byte injection","status":"passed","title":"should handle null byte injection","duration":1.20475499999975,"failureMessages":[],"meta":{}}],"startTime":1763463752414,"endTime":1763463752603.2048,"status":"passed","message":"","name":"/home/user/pace-calculator/tests/unit/sanitizer.test.js"},{"assertionResults":[{"ancestorTitles":["Settings Modals and UI Interactions","Settings Modal"],"fullName":"Settings Modals and UI Interactions Settings Modal should open settings modal","status":"passed","title":"should open settings modal","duration":178.2773989999996,"failureMessages":[],"meta":{}},{"ancestorTitles":["Settings Modals and UI Interactions","Settings Modal"],"fullName":"Settings Modals and UI Interactions Settings Modal should close settings modal","status":"passed","title":"should close settings modal","duration":23.968700999999783,"failureMessages":[],"meta":{}},{"ancestorTitles":["Settings Modals and UI Interactions","Settings Modal"],"fullName":"Settings Modals and UI Interactions Settings Modal should close settings modal on Escape key","status":"passed","title":"should close settings modal on Escape key","duration":27.005901999999878,"failureMessages":[],"meta":{}},{"ancestorTitles":["Settings Modals and UI Interactions","Settings Modal"],"fullName":"Settings Modals and UI Interactions Settings Modal should close settings modal on backdrop click","status":"passed","title":"should close settings modal on backdrop click","duration":20.263615000000755,"failureMessages":[],"meta":{}},{"ancestorTitles":["Settings Modals and UI Interactions","Menu Functionality"],"fullName":"Settings Modals and UI Interactions Menu Functionality should toggle menu open and close","status":"passed","title":"should toggle menu open and close","duration":20.248125000000073,"failureMessages":[],"meta":{}},{"ancestorTitles":["Settings Modals and UI Interactions","Menu Functionality"],"fullName":"Settings Modals and UI Interactions Menu Functionality should close menu on Escape key","status":"passed","title":"should close menu on Escape key","duration":9.768362000000707,"failureMessages":[],"meta":{}},{"ancestorTitles":["Settings Modals and UI Interactions","Menu Functionality"],"fullName":"Settings Modals and UI Interactions Menu Functionality should close menu when clicking outside","status":"passed","title":"should close menu when clicking outside","duration":8.61607400000048,"failureMessages":[],"meta":{}},{"ancestorTitles":["Settings Modals and UI Interactions","Help Modal"],"fullName":"Settings Modals and UI Interactions Help Modal should open help modal","status":"passed","title":"should open help modal","duration":9.395692000000054,"failureMessages":[],"meta":{}},{"ancestorTitles":["Settings Modals and UI Interactions","Help Modal"],"fullName":"Settings Modals and UI Interactions Help Modal should close help modal","status":"passed","title":"should close help modal","duration":12.028548999999657,"failureMessages":[],"meta":{}},{"ancestorTitles":["Settings Modals and UI Interactions","Help Modal"],"fullName":"Settings Modals and UI Interactions Help Modal should close help modal on Escape key","status":"passed","title":"should close help modal on Escape key","duration":9.41614699999991,"failureMessages":[],"meta":{}},{"ancestorTitles":["Settings Modals and UI Interactions","Help Modal"],"fullName":"Settings Modals 
[...]
":"UI Module Extended Coverage Validation Edge Cases should handle zero time input","status":"passed","title":"should handle zero time input","duration":408.8525360000003,"failureMessages":[],"meta":{}},{"ancestorTitles":["UI Module Extended Coverage","Validation Edge Cases"],"fullName":"UI Module Extended Coverage Validation Edge Cases should handle zero pace input","status":"passed","title":"should handle zero pace input","duration":409.0186330000015,"failureMessages":[],"meta":{}},{"ancestorTitles":["UI Module Extended Coverage","Tab State Management Extended"],"fullName":"UI Module Extended Coverage Tab State Management Extended should initialize tab states on tab switch","status":"passed","title":"should initialize tab states on tab switch","duration":111.74003099999936,"failureMessages":[],"meta":{}},{"ancestorTitles":["UI Module Extended Coverage","Tab State Management Extended"],"fullName":"UI Module Extended Coverage Tab State Management Extended should restore validation states when switching back to tab","status":"passed","title":"should restore validation states when switching back to tab","duration":214.27702300000055,"failureMessages":[],"meta":{}},{"ancestorTitles":["UI Module Extended Coverage","Tab State Management Extended"],"fullName":"UI Module Extended Coverage Tab State Management Extended should save preset selection when switching tabs","status":"passed","title":"should save preset selection when switching tabs","duration":108.81655900000078,"failureMessages":[],"meta":{}},{"ancestorTitles":["UI Module Extended Coverage","Tab State Management Extended"],"fullName":"UI Module Extended Coverage Tab State Management Extended should clear result when clearing tab with matching result type","status":"passed","title":"should clear result when clearing tab with matching result type","duration":109.77391400000124,"failureMessages":[],"meta":{}},{"ancestorTitles":["UI Module Extended Coverage","Tab State Management Extended"],"fullName":"UI Module Extended Coverage Tab State Management Extended should not clear result when clearing tab with different result type","status":"passed","title":"should not clear result when clearing tab with different result type","duration":106.9529480000001,"failureMessages":[],"meta":{}},{"ancestorTitles":["UI Module Extended Coverage","Tab State Management Extended"],"fullName":"UI Module Extended Coverage Tab State Management Extended should clear all segmented inputs for distance tab","status":"passed","title":"should clear all segmented inputs for distance tab","duration":107.93522099999973,"failureMessages":[],"meta":{}},{"ancestorTitles":["UI Module Extended Coverage","Result Display Edge Cases"],"fullName":"UI Module Extended Coverage Result Display Edge Cases should update result for miles unit","status":"passed","title":"should update result for miles unit","duration":35.54180499999893,"failureMessages":[],"meta":{}},{"ancestorTitles":["UI Module Extended Coverage","Result Display Edge Cases"],"fullName":"UI Module Extended Coverage Result Display Edge Cases should update result for distance calculation in miles","status":"passed","title":"should update result for distance calculation in miles","duration":23.695095999999467,"failureMessages":[],"meta":{}},{"ancestorTitles":["UI Module Extended Coverage","Result Display Edge Cases"],"fullName":"UI Module Extended Coverage Result Display Edge Cases should show PR comparison in result display","status":"passed","title":"should show PR comparison in result display","duration":408.88207800000055,"failureMessages":[],"meta":{}},{"ancestorTitles":["UI Module Extended Coverage","Result Display Edge Cases"],"fullName":"UI Module Extended Coverage Result Display Edge Cases should show slower PR comparison","status":"passed","title":"should show slower PR comparison","duration":409.9826600000015,"failureMessages":[],"meta":{}},{"ancestorTitles":["UI Module Extended Coverage","Mobile Device Detection"],"fullName":"UI Module Extended Coverage Mobile Device Detection should detect mobile with touch and mobile user agent","status":"passed","title":"should detect mobile with touch and mobile user agent","duration":3.8332590000009077,"failureMessages":[],"meta":{}},{"ancestorTitles":["UI Module Extended Coverage","Mobile Device Detection"],"fullName":"UI Module Extended Coverage Mobile Device Detection should not detect desktop as mobile","status":"passed","title":"should not detect desktop as mobile","duration":3.0067890000009356,"failureMessages":[],"meta":{}},{"ancestorTitles":["UI Module Extended Coverage","Unit Conversion"],"fullName":"UI Module Extended Coverage Unit Conversion should update hints for miles unit","status":"passed","title":"should update hints for miles unit","duration":4.270894999999655,"failureMessages":[],"meta":{}},{"ancestorTitles":["UI Module Extended Coverage","Unit Conversion"],"fullName":"UI Module Extended Coverage Unit Conversion should update hints for km unit","status":"passed","title":"should update hints for km unit","duration":6.327097999999751,"failureMessages":[],"meta":{}}],"startTime":1763463752469,"endTime":1763463759059.3271,"status":"passed","message":"","name":"/home/user/pace-calculator/tests/unit/ui-extended.test.js"},{"assertionResults":[{"ancestorTitles":["UI Module - Race Splits and Scrolling","Race Splits Generation"],"fullName":"UI Module - Race Splits and Scrolling Race Splits Generation should generate splits for pace calculation with full km distance","status":"passed","title":"should generate splits for pace calculation with full km distance","duration":512.2279019999996,"failureMessages":[],"meta":{}},{"ancestorTitles":["UI Module - Race Splits and Scrolling","Race Splits Generation"],"fullName":"UI Module - Race Splits and Scrolling Race Splits Generation should generate splits for time calculation","status":"passed","title":"should generate splits for time calculation","duration":413.9278809999996,"failureMessages":[],"meta":{}},{"ancestorTitles":["UI Module - Race Splits and Scrolling","Race Splits Generation"],"fullName":"UI Module - Race Splits and Scrolling Race Splits Generation should generate splits for distance calculation","status":"passed","title":"should generate splits for distance calculation","duration":413.76189799999975,"failureMessages":[],"meta":{}},{"ancestorTitles":["UI Module - Race Splits and Scrolling","Race Splits Generation"],"fullName":"UI Module - Race Splits and Scrolling Race Splits Generation should generate splits with fractional distance","status":"passed","title":"should generate splits with fractional distance","duration":409.5567739999997,"failureMessages":[],"meta":{}},{"ancestorTitles":["UI Module - Race Splits and Scrolling","Race Splits Generation"],"fullName":"UI Module - Race Splits and Scrolling Race Splits Generation should not generate splits for very short distances","status":"passed","title":"should not generate splits for very short distances","duration":408.7434030000004,"failureMessages":[],"meta":{}},{"ancestorTitles":["UI Module - Race Splits and Scrolling","Race Splits Generation"],"fullName":"UI Module - Race Splits and Scrolling Race Splits Generation should generate splits in miles unit","status":"passed","title":"should generate splits in miles unit","duration":409.40650900000037,"failureMessages":[],"meta":{}},{"ancestorTitles":["UI Module - Race Splits and Scrolling","Race Splits Generation"],"fullName":"UI Module - Race Splits and Scrolling Race Splits Generation should not include finish split for tiny remainder","status":"passed","title":"should not include finish split for tiny remainder","duration":407.54881899999964,"failureMessages":[],"meta":{}},{"ancestorTitles":["UI Module - Race Splits and Scrolling","Splits Accordion Interaction"],"fullName":"UI Module - Race Splits and Scrolling Splits Accordion Interaction should toggle splits accordion open and closed","status":"passed","title":"should toggle splits accordion open and closed","duration":708.2397089999995,"failureMessages":[],"meta":{}},{"ancestorTitles":["UI Module - Race Splits and Scrolling","Splits Accordion Interaction"],"fullName":"UI Module - Race Splits and Scrolling Splits Accordion Interaction should auto-scroll when splits expanded and content is cut off","status":"passed","title":"should auto-scroll when splits expanded and content is cut off","duration":709.7891099999997,"failureMessages":[],"meta":{}},{"ancestorTitles":["UI Module - Race Splits and Scrolling","Splits Accordion Interaction"],"fullName":"UI Module - Race Splits and Scrolling Splits Accordion Interaction should not scroll when splits content is already visible","status":"passed","title":"should not scroll when splits content is already visible","duration":712.6316630000001,"failureMessages":[],"meta":{}},{"ancestorTitles":["UI Module - Race Splits and Scrolling","Result Scrolling Behavior"],"fullName":"UI Module - Race Splits and Scrolling Result Scrolling Behavior should handle scrolling for result visibility","status":"passed","title":"should handle scrolling for result visibility","duration":508.0191220000015,"failureMessages":[],"meta":{}},{"ancestorTitles":["UI Module - Race Splits and Scrolling","Result Scrolling Behavior"],"fullName":"UI Module - Race Splits and Scrolling Result Scrolling Behavior should not scroll when results are already visible","status":"passed","title":"should not scroll when results are already visible","duration":509.40609700000095,"failureMessages":[],"meta":{}},{"ancestorTitles":["UI Module - Race Splits and Scrolling","Result Scrolling Behavior"],"fullName":"UI Module - Race Splits and Scrolling Result Scrolling Behavior should not scroll when result div is hidden","status":"passed","title":"should not scroll when result div is hidden","duration":108.0073539999994,"failureMessages":[],"meta":{}},{"ancestorTitles":["UI Module - Race Splits and Scrolling","Animation and Timing"],"fullName":"UI Module - Race Splits and Scrolling Animation and Timing should animate copy success with icon transitions","status":"passed","title":"should animate copy success with icon transitions","duration":12.289444000000003,"failureMessages":[],"meta":{}},{"ancestorTitles":["UI Module - Race Splits and Scrolling","Animation and Timing"],"fullName":"UI Module - Race Splits and Scrolling Animation and Timing should show loading and then hide after calculation","status":"passed","title":"should show loading and then hide after calculation","duration":457.39019499999995,"failureMessages":[],"meta":{}},{"ancestorTitles":["UI Module - Race Splits and Scrolling","Error State Handling"],"fullName":"UI Module - Race Splits and Scrolling Error State Handling should show error result for invalid inputs","status":"passed","title":"should show error result for invalid inputs","duration":408.232598999999,"failureMessages":[],"meta":{}},{"ancestorTitles":["UI Module - Race Splits and Scrolling","Error State Handling"],"fullName":"UI Module - Race Splits and Scrolling Error State Handling should show error for distance tab with invalid time","status":"passed","title":"should show error for distance tab with invalid time","duration":409.7651879999994,"failureMessages":[],"meta":{}},{"ancestorTitles":["UI Module - Race Splits and Scrolling","Error State Handling"],"fullName":"UI Module - Race Splits and Scrolling Error State Handling should show error for distance tab with invalid pace","status":"passed","title":"should show error for distance tab with invalid pace","duration":407.06094100000155,"failureMessages":[],"meta":{}},{"ancestorTitles":["UI Module - Race Splits and Scrolling","Tab Initialization"],"fullName":"UI Module - Race Splits and Scrolling Tab Initialization should handle tab click with missing section gracefully","status":"passed","title":"should handle tab click with missing section gracefully","duration":122.25834399999985,"failureMessages":[],"meta":{}}],"startTime":1763463752454,"endTime":1763463760503.2583,"status":"passed","message":"","name":"/home/user/pace-calculator/tests/unit/ui-splits-scrolling.test.js"},{"assertionResults":[{"ancestorTitles":["UI Module","Input Validation Helpers"],"fullName":"UI Module Input Validation Helpers should validate segmented time input correctly","status":"passed","title":"should validate segmented time input correctly","duration":113.66681700000026,"failureMessages":[],"meta":{}},{"ancestorTitles":["UI Module","Input Validation Helpers"],"fullName":"UI Module Input Validation Helpers should validate segmented pace input correctly","status":"passed","title":"should validate segmented pace input correctly","duration":13.971040999999786,"failureMessages":[],"meta":{}},{"ancestorTitles":["UI Module","Device Detection"],"fullName":"UI Module Device Detection should detect non-mobile devices","status":"passed","title":"should detect non-mobile devices","duration":10.425833000000239,"failureMessages":[],"meta":{}},{"ancestorTitles":["UI Module","Device Detection"],"fullName":"UI Module Device Detection should detect mobile devices","status":"passed","title":"should detect mobile devices","duration":12.74501599999985,"failureMessages":[],"meta":{}},{"ancestorTitles":["UI Module","Result Display"],"fullName":"UI Module Result Display should update hint texts for km","status":"passed","title":"should update hint texts for km","duration":6.774731999999858,"failureMessages":[],"meta":{}},{"ancestorTitles":["UI Module","Result Display"],"fullName":"UI Module Result Display should update hint texts for miles","status":"passed","title":"should update hint texts for miles","duration":6.164092999999411,"failureMessages":[],"meta":{}},{"ancestorTitles":["UI Module","Autocomplete"],"fullName":"UI Module Autocomplete should populate autocomplete suggestions","status":"passed","title":"should populate autocomplete suggestions","duration":11.269849999999678,"failureMessages":[],"meta":{}},{"ancestorTitles":["UI Module","Preset Selection"],"fullName":"UI Module Preset Selection should populate preset selects","status":"passed","title":"should populate preset selects","duration":11.138129999999364,"failureMessages":[],"meta":{}},{"ancestorTitles":["UI Module","Result Updates"],"fullName":"UI Module Result Updates should update calculated result for pace calculation","status":"passed","title":"should update calculated result for pace calculation","duration":43.06519300000036,"failureMessages":[],"meta":{}},{"ancestorTitles":["UI Module","Result Updates"],"fullName":"UI Module Result Updates should update calculated result for time calculation","status":"passed","title":"should update calculated result for time calculation","duration":38.5080880000005,"failureMessages":[],"meta":{}},{"ancestorTitles":["UI Module","Result Updates"],"fullName":"UI Module Result Updates should update calculated result for distance calculation","status":"passed","title":"should update calculated result for distance calculation","duration":26.750058000000536,"failureMessages":[],"meta":{}},{"ancestorTitles":["UI Module","Result Updates"],"fullName":"UI Module Result Updates should not update result if result is hidden","status":"passed","title":"should not update result if result is hidden","duration":16.850110000000313,"failureMessages":[],"meta":{}},{"ancestorTitles":["UI Module","Clipboard Operations"],"fullName":"UI Module Clipboard Operations should handle clipboard write success","status":"passed","title":"should handle clipboard write success","duration":112.57868899999994,"failureMessages":[],"meta":{}},{"ancestorTitles":["UI Module","Clipboard Operations"],"fullName":"UI Module Clipboard Operations should handle clipboard write failure with fallback","status":"passed","title":"should handle clipboard write failure with fallback","duration":111.24216499999966,"failureMessages":[],"meta":{}},{"ancestorTitles":["UI Module","Form Submission"],"fullName":"UI Module Form Submission should calculate pace on form submit","status":"passed","title":"should calculate pace on form submit","duration":411.4631410000002,"failureMessages":[],"meta":{}},{"ancestorTitles":["UI Module","Form Submission"],"fullName":"UI Module Form Submission should calculate time on form submit","status":"passed","title":"should calculate time on form submit","duration":408.9491619999999,"failureMessages":[],"meta":{}},{"ancestorTitles":["UI Module","Form Submission"],"fullName":"UI Module Form Submission should calculate distance on form submit","status":"passed","title":"should calculate distance on form submit","duration":411.2341489999999,"failureMessages":[],"meta":{}},{"ancestorTitles":["UI Module","Form Submission"],"fullName":"UI Module Form Submission should handle form submission errors","status":"passed","title":"should handle form submission errors","duration":407.8267420000002,"failureMessages":[],"meta":{}},{"ancestorTitles":["UI Module","Keyboard Navigation"],"fullName":"UI Module Keyboard Navigation should switch tabs with Ctrl+1/2/3","status":"passed","title":"should switch tabs with Ctrl+1/2/3","duration":112.1496989999996,"failureMessages":[],"meta":{}},{"ancestorTitles":["UI Module","Keyboard Navigation"],"fullName":"UI Module Keyboard Navigation should handle Enter key on inputs","status":"passed","title":"should handle Enter key on inputs","duration":111.71682199999941,"failureMessages":[],"meta":{}},{"ancestorTitles":["UI Module","Tab State Management"],"fullName":"UI Module Tab State Management should save and restore tab states","status":"passed","title":"should save and restore tab states","duration":213.90101799999957,"failureMessages":[],"meta":{}},{"ancestorTitles":["UI Module","Clear Function"],"fullName":"UI Module Clear Function should clear current tab inputs","status":"passed","title":"should clear current tab inputs","duration":108.68041699999958,"failureMessages":[],"meta":{}},{"ancestorTitles":["UI Module","Clear Function"],"fullName":"UI Module Clear Function should clear errors when clearing tab","status":"passed","title":"should clear errors when clearing tab","duration":110.00784399999975,"failureMessages":[],"meta":{}},{"ancestorTitles":["UI Module","PR Button Visibility"],"fullName":"UI Module PR Button Visibility should show save PR button for pace calculations without existing PR","status":"passed","title":"should show save PR button for pace calculations without existing PR","duration":108.15450799999962,"failureMessages":[],"meta":{}},{"ancestorTitles":["UI Module","PR Button Visibility"],"fullName":"UI Module PR Button Visibility should hide PR buttons for non-pace calculations","status":"passed","title":"should hide PR buttons for non-pace calculations","duration":5.887243999999555,"failureMessages":[],"meta":{}},{"ancestorTitles":["UI Module","Loading State"],"fullName":"UI Module Loading State should show loading during calculation","status":"passed","title":"should show loading during calculation","duration":56.12761200000023,"failureMessages":[],"meta":{}},{"ancestorTitles":["UI Module","Input Reset on Manual Change"],"fullName":"UI Module Input Reset on Manual Change should reset preset dropdown when distance is manually changed","status":"passed","title":"should reset preset dropdown when distance is manually changed","duration":107.62896,"failureMessages":[],"meta":{}},{"ancestorTitles":["UI Module","Segmented Input Validation"],"fullName":"UI Module Segmented Input Validation should validate time inputs on blur","status":"passed","title":"should validate time inputs on blur","duration":108.44442899999922,"failureMessages":[],"meta":{}},{"ancestorTitles":["UI Module","Segmented Input Validation"],"fullName":"UI Module Segmented Input Validation should clear errors on input","status":"passed","title":"should clear errors on input","duration":107.21405700000105,"failureMessages":[],"meta":{}}],"startTime":1763463752454,"endTime":1763463755780.214,"status":"passed","message":"","name":"/home/user/pace-calculator/tests/unit/ui.test.js"}]}